#
# There is insufficient memory for the Java Runtime Environment to continue.
# Native memory allocation (malloc) failed to allocate 1466544 bytes for Chunk::new
# Possible reasons:
#   The system is out of physical RAM or swap space
#   The process is running with CompressedOops enabled, and the Java Heap may be blocking the growth of the native heap
# Possible solutions:
#   Reduce memory load on the system
#   Increase physical memory or swap space
#   Check if swap backing store is full
#   Decrease Java heap size (-Xmx/-Xms)
#   Decrease number of Java threads
#   Decrease Java thread stack sizes (-Xss)
#   Set larger code cache with -XX:ReservedCodeCacheSize=
#   JVM is running with Unscaled Compressed Oops mode in which the Java heap is
#     placed in the first 4GB address space. The Java Heap base address is the
#     maximum limit for the native heap growth. Please use -XX:HeapBaseMinAddress
#     to set the Java Heap base and to place the Java Heap above 4GB virtual address.
# This output file may be truncated or incomplete.
#
#  Out of Memory Error (allocation.cpp:389), pid=22512, tid=0x0000000000005e4c
#
# JRE version: OpenJDK Runtime Environment (8.0_242-b01) (build 1.8.0_242-release-1644-b01)
# Java VM: OpenJDK 64-Bit Server VM (25.242-b01 mixed mode windows-amd64 compressed oops)
# Failed to write core dump. Minidumps are not enabled by default on client versions of Windows
#

---------------  T H R E A D  ---------------

Current thread (0x00000000197c1800):  JavaThread "C2 CompilerThread2" daemon [_thread_in_native, id=24140, stack(0x000000001b010000,0x000000001b110000)]

Stack: [0x000000001b010000,0x000000001b110000]
[error occurred during error reporting (printing stack bounds), id 0xc0000005]

Native frames: (J=compiled Java code, j=interpreted, Vv=VM code, C=native code)


Current CompileTask:
C2:  19671 2868       4       groovy.lang.MetaClassImpl$1MOPIter::methodNameAction (325 bytes)


---------------  P R O C E S S  ---------------

Java Threads: ( => current thread )
  0x000000001d502800 JavaThread "Cache worker for Build Output Cleanup Cache (C:\Work\PakMych\.gradle\buildOutputCleanup)" [_thread_blocked, id=23848, stack(0x0000000023bb0000,0x0000000023cb0000)]
  0x000000001d162800 JavaThread "Cache worker for execution history cache (C:\Users\Zee\.gradle\caches\6.1.1\executionHistory)" [_thread_blocked, id=25184, stack(0x0000000022b10000,0x0000000022c10000)]
  0x000000001d161000 JavaThread "Cache worker for cache directory md-rule (C:\Users\Zee\.gradle\caches\6.1.1\md-rule)" [_thread_blocked, id=24640, stack(0x00000000218d0000,0x00000000219d0000)]
  0x000000001d165800 JavaThread "Cache worker for cache directory md-supplier (C:\Users\Zee\.gradle\caches\6.1.1\md-supplier)" [_thread_blocked, id=3652, stack(0x00000000217d0000,0x00000000218d0000)]
  0x000000001d165000 JavaThread "Cache worker for file hash cache (C:\Work\PakMych\.gradle\6.1.1\fileHashes)" [_thread_blocked, id=2672, stack(0x0000000022eb0000,0x0000000022fb0000)]
  0x000000001d161800 JavaThread "Cache worker for checksums cache (C:\Work\PakMych\.gradle\checksums)" [_thread_blocked, id=25344, stack(0x0000000022a10000,0x0000000022b10000)]
  0x000000001d15e800 JavaThread "Cache worker for file hash cache (C:\Users\Zee\.gradle\caches\6.1.1\fileHashes)" [_thread_blocked, id=18464, stack(0x000000001f330000,0x000000001f430000)]
  0x000000001d15f800 JavaThread "File lock release action executor" [_thread_blocked, id=21652, stack(0x000000001f230000,0x000000001f330000)]
  0x000000001d160000 JavaThread "File lock request listener" [_thread_in_native, id=21776, stack(0x000000001f130000,0x000000001f230000)]
  0x000000001b9a5800 JavaThread "Cache worker for journal cache (C:\Users\Zee\.gradle\caches\journal-1)" [_thread_blocked, id=8832, stack(0x000000001f030000,0x000000001f130000)]
  0x000000001d04f000 JavaThread "Thread-9" [_thread_blocked, id=22112, stack(0x000000001ed30000,0x000000001ee30000)]
  0x000000001d02c000 JavaThread "Stdin handler" [_thread_blocked, id=20468, stack(0x000000001ec30000,0x000000001ed30000)]
  0x000000001d02a000 JavaThread "Asynchronous log dispatcher for DefaultDaemonConnection: socket connection from /127.0.0.1:50319 to /127.0.0.1:50321" [_thread_blocked, id=7964, stack(0x000000001eb30000,0x000000001ec30000)]
  0x000000001d12a800 JavaThread "Daemon worker" [_thread_in_vm, id=1992, stack(0x000000001ea30000,0x000000001eb30000)]
  0x000000001d129800 JavaThread "Cancel handler" [_thread_blocked, id=6112, stack(0x000000001e930000,0x000000001ea30000)]
  0x000000001d0c3000 JavaThread "Handler for socket connection from /127.0.0.1:50319 to /127.0.0.1:50321" [_thread_in_native, id=23944, stack(0x000000001e630000,0x000000001e730000)]
  0x000000001d0b5800 JavaThread "Daemon" [_thread_blocked, id=24016, stack(0x000000001e530000,0x000000001e630000)]
  0x000000001d0cf000 JavaThread "Daemon periodic checks" [_thread_blocked, id=9868, stack(0x000000001e430000,0x000000001e530000)]
  0x000000001d00a800 JavaThread "Incoming local TCP Connector on port 50319" [_thread_in_native, id=20848, stack(0x000000001e1f0000,0x000000001e2f0000)]
  0x000000001cf68800 JavaThread "Daemon health stats" [_thread_blocked, id=16188, stack(0x000000001dbb0000,0x000000001dcb0000)]
  0x0000000019845800 JavaThread "Service Thread" daemon [_thread_blocked, id=14932, stack(0x000000001b210000,0x000000001b310000)]
  0x00000000197c6800 JavaThread "C1 CompilerThread3" daemon [_thread_blocked, id=7924, stack(0x000000001b110000,0x000000001b210000)]
=>0x00000000197c1800 JavaThread "C2 CompilerThread2" daemon [_thread_in_native, id=24140, stack(0x000000001b010000,0x000000001b110000)]
  0x00000000197be800 JavaThread "C2 CompilerThread1" daemon [_thread_in_native, id=25036, stack(0x000000001af10000,0x000000001b010000)]
  0x00000000197b9000 JavaThread "C2 CompilerThread0" daemon [_thread_blocked, id=11936, stack(0x000000001ae10000,0x000000001af10000)]
  0x00000000197b1800 JavaThread "Attach Listener" daemon [_thread_blocked, id=24572, stack(0x000000001ad10000,0x000000001ae10000)]
  0x00000000197b0000 JavaThread "Signal Dispatcher" daemon [_thread_blocked, id=18216, stack(0x000000001ac10000,0x000000001ad10000)]
  0x0000000002e4a000 JavaThread "Finalizer" daemon [_thread_blocked, id=23224, stack(0x000000001aa10000,0x000000001ab10000)]
  0x00000000180bc800 JavaThread "Reference Handler" daemon [_thread_blocked, id=23084, stack(0x000000001a910000,0x000000001aa10000)]
  0x0000000002d4d800 JavaThread "main" [_thread_blocked, id=9572, stack(0x0000000002b60000,0x0000000002c60000)]

Other Threads:
  0x00000000180b5800 VMThread [stack: 0x000000001a810000,0x000000001a910000] [id=8004]
  0x0000000019847800 WatcherThread [stack: 0x000000001b310000,0x000000001b410000] [id=14804]

VM state:not at safepoint (normal execution)

VM Mutex/Monitor currently owned by a thread: None

heap address: 0x0000000080000000, size: 2048 MB, Compressed Oops mode: 32-bit
Narrow klass base: 0x0000000000000000, Narrow klass shift: 3
Compressed class space size: 1073741824 Address: 0x0000000100000000

Heap:
 PSYoungGen      total 135168K, used 51700K [0x00000000d5580000, 0x00000000de700000, 0x0000000100000000)
  eden space 123904K, 41% used [0x00000000d5580000,0x00000000d87fd068,0x00000000dce80000)
  from space 11264K, 0% used [0x00000000dd100000,0x00000000dd100000,0x00000000ddc00000)
  to   space 8192K, 0% used [0x00000000ddf00000,0x00000000ddf00000,0x00000000de700000)
 ParOldGen       total 70144K, used 18599K [0x0000000080000000, 0x0000000084480000, 0x00000000d5580000)
  object space 70144K, 26% used [0x0000000080000000,0x0000000081229c20,0x0000000084480000)
 Metaspace       used 36317K, capacity 37538K, committed 37672K, reserved 1081344K
  class space    used 5005K, capacity 5324K, committed 5416K, reserved 1048576K

Card table byte_map: [0x0000000012210000,0x0000000012620000] byte_map_base: 0x0000000011e10000

Marking Bits: (ParMarkBitMap*) 0x0000000075b0f030
 Begin Bits: [0x00000000132d0000, 0x00000000152d0000)
 End Bits:   [0x00000000152d0000, 0x00000000172d0000)

Polling page: 0x0000000000c40000

CodeCache: size=245760Kb used=11255Kb max_used=11263Kb free=234504Kb
 bounds [0x0000000002e50000, 0x0000000003960000, 0x0000000011e50000]
 total_blobs=3704 nmethods=3005 adapters=612
 compilation: enabled

Compilation events (10 events):
Event: 19.619 Thread 0x00000000197b9000 3280       4       java.util.HashMap::putVal (300 bytes)
Event: 19.627 Thread 0x00000000197b9000 nmethod 3280 0x000000000394df50 code [0x000000000394e0e0, 0x000000000394e608]
Event: 19.627 Thread 0x00000000197b9000 3228       4       groovy.lang.MetaClassImpl::checkIfStdMethod (178 bytes)
Event: 19.634 Thread 0x00000000197b9000 nmethod 3228 0x000000000394f590 code [0x000000000394f780, 0x00000000039500c0]
Event: 19.666 Thread 0x00000000197c6800 3287       1       java.util.Collections$1::hasNext (5 bytes)
Event: 19.666 Thread 0x00000000197c6800 nmethod 3287 0x000000000394f010 code [0x000000000394f160, 0x000000000394f270]
Event: 19.666 Thread 0x00000000197c6800 3288       3       java.lang.StringCoding::safeTrim (24 bytes)
Event: 19.667 Thread 0x00000000197c6800 nmethod 3288 0x000000000394d750 code [0x000000000394d8e0, 0x000000000394dda8]
Event: 19.667 Thread 0x00000000197c6800 3289       3       java.util.Collections$EmptyList::iterator (4 bytes)
Event: 19.667 Thread 0x00000000197c6800 nmethod 3289 0x000000000394ec50 code [0x000000000394edc0, 0x000000000394ef70]

GC Heap History (10 events):
Event: 10.879 GC heap before
{Heap before GC invocations=7 (full 0):
 PSYoungGen      total 75264K, used 11572K [0x00000000d5580000, 0x00000000daa80000, 0x0000000100000000)
  eden space 65024K, 4% used [0x00000000d5580000,0x00000000d58ac450,0x00000000d9500000)
  from space 10240K, 81% used [0x00000000d9f80000,0x00000000da7a0ed0,0x00000000da980000)
  to   space 10752K, 0% used [0x00000000d9500000,0x00000000d9500000,0x00000000d9f80000)
 ParOldGen       total 86016K, used 7239K [0x0000000080000000, 0x0000000085400000, 0x00000000d5580000)
  object space 86016K, 8% used [0x0000000080000000,0x0000000080711ef8,0x0000000085400000)
 Metaspace       used 20563K, capacity 21220K, committed 21296K, reserved 1067008K
  class space    used 2880K, capacity 3096K, committed 3120K, reserved 1048576K
Event: 10.885 GC heap after
Heap after GC invocations=7 (full 0):
 PSYoungGen      total 75776K, used 4513K [0x00000000d5580000, 0x00000000de980000, 0x0000000100000000)
  eden space 65024K, 0% used [0x00000000d5580000,0x00000000d5580000,0x00000000d9500000)
  from space 10752K, 41% used [0x00000000d9500000,0x00000000d99684c0,0x00000000d9f80000)
  to   space 10752K, 0% used [0x00000000ddf00000,0x00000000ddf00000,0x00000000de980000)
 ParOldGen       total 86016K, used 9591K [0x0000000080000000, 0x0000000085400000, 0x00000000d5580000)
  object space 86016K, 11% used [0x0000000080000000,0x000000008095df48,0x0000000085400000)
 Metaspace       used 20563K, capacity 21220K, committed 21296K, reserved 1067008K
  class space    used 2880K, capacity 3096K, committed 3120K, reserved 1048576K
}
Event: 10.885 GC heap before
{Heap before GC invocations=8 (full 1):
 PSYoungGen      total 75776K, used 4513K [0x00000000d5580000, 0x00000000de980000, 0x0000000100000000)
  eden space 65024K, 0% used [0x00000000d5580000,0x00000000d5580000,0x00000000d9500000)
  from space 10752K, 41% used [0x00000000d9500000,0x00000000d99684c0,0x00000000d9f80000)
  to   space 10752K, 0% used [0x00000000ddf00000,0x00000000ddf00000,0x00000000de980000)
 ParOldGen       total 86016K, used 9591K [0x0000000080000000, 0x0000000085400000, 0x00000000d5580000)
  object space 86016K, 11% used [0x0000000080000000,0x000000008095df48,0x0000000085400000)
 Metaspace       used 20563K, capacity 21220K, committed 21296K, reserved 1067008K
  class space    used 2880K, capacity 3096K, committed 3120K, reserved 1048576K
Event: 10.926 GC heap after
Heap after GC invocations=8 (full 1):
 PSYoungGen      total 75776K, used 0K [0x00000000d5580000, 0x00000000de980000, 0x0000000100000000)
  eden space 65024K, 0% used [0x00000000d5580000,0x00000000d5580000,0x00000000d9500000)
  from space 10752K, 0% used [0x00000000d9500000,0x00000000d9500000,0x00000000d9f80000)
  to   space 10752K, 0% used [0x00000000ddf00000,0x00000000ddf00000,0x00000000de980000)
 ParOldGen       total 49664K, used 9596K [0x0000000080000000, 0x0000000083080000, 0x00000000d5580000)
  object space 49664K, 19% used [0x0000000080000000,0x000000008095f370,0x0000000083080000)
 Metaspace       used 20563K, capacity 21220K, committed 21296K, reserved 1067008K
  class space    used 2880K, capacity 3096K, committed 3120K, reserved 1048576K
}
Event: 11.793 GC heap before
{Heap before GC invocations=9 (full 1):
 PSYoungGen      total 75776K, used 65024K [0x00000000d5580000, 0x00000000de980000, 0x0000000100000000)
  eden space 65024K, 100% used [0x00000000d5580000,0x00000000d9500000,0x00000000d9500000)
  from space 10752K, 0% used [0x00000000d9500000,0x00000000d9500000,0x00000000d9f80000)
  to   space 10752K, 0% used [0x00000000ddf00000,0x00000000ddf00000,0x00000000de980000)
 ParOldGen       total 49664K, used 9596K [0x0000000080000000, 0x0000000083080000, 0x00000000d5580000)
  object space 49664K, 19% used [0x0000000080000000,0x000000008095f370,0x0000000083080000)
 Metaspace       used 28092K, capacity 28806K, committed 28976K, reserved 1075200K
  class space    used 3874K, capacity 4106K, committed 4144K, reserved 1048576K
Event: 11.803 GC heap after
Heap after GC invocations=9 (full 1):
 PSYoungGen      total 132096K, used 8019K [0x00000000d5580000, 0x00000000de700000, 0x0000000100000000)
  eden space 123904K, 0% used [0x00000000d5580000,0x00000000d5580000,0x00000000dce80000)
  from space 8192K, 97% used [0x00000000ddf00000,0x00000000de6d4eb0,0x00000000de700000)
  to   space 11264K, 0% used [0x00000000dd100000,0x00000000dd100000,0x00000000ddc00000)
 ParOldGen       total 49664K, used 9604K [0x0000000080000000, 0x0000000083080000, 0x00000000d5580000)
  object space 49664K, 19% used [0x0000000080000000,0x0000000080961370,0x0000000083080000)
 Metaspace       used 28092K, capacity 28806K, committed 28976K, reserved 1075200K
  class space    used 3874K, capacity 4106K, committed 4144K, reserved 1048576K
}
Event: 18.977 GC heap before
{Heap before GC invocations=10 (full 1):
 PSYoungGen      total 132096K, used 117437K [0x00000000d5580000, 0x00000000de700000, 0x0000000100000000)
  eden space 123904K, 88% used [0x00000000d5580000,0x00000000dc05a920,0x00000000dce80000)
  from space 8192K, 97% used [0x00000000ddf00000,0x00000000de6d4eb0,0x00000000de700000)
  to   space 11264K, 0% used [0x00000000dd100000,0x00000000dd100000,0x00000000ddc00000)
 ParOldGen       total 49664K, used 9604K [0x0000000080000000, 0x0000000083080000, 0x00000000d5580000)
  object space 49664K, 19% used [0x0000000080000000,0x0000000080961370,0x0000000083080000)
 Metaspace       used 34450K, capacity 35372K, committed 35496K, reserved 1079296K
  class space    used 4670K, capacity 4942K, committed 5032K, reserved 1048576K
Event: 18.992 GC heap after
Heap after GC invocations=10 (full 1):
 PSYoungGen      total 135168K, used 11242K [0x00000000d5580000, 0x00000000de700000, 0x0000000100000000)
  eden space 123904K, 0% used [0x00000000d5580000,0x00000000d5580000,0x00000000dce80000)
  from space 11264K, 99% used [0x00000000dd100000,0x00000000ddbfabc8,0x00000000ddc00000)
  to   space 8192K, 0% used [0x00000000ddf00000,0x00000000ddf00000,0x00000000de700000)
 ParOldGen       total 49664K, used 10731K [0x0000000080000000, 0x0000000083080000, 0x00000000d5580000)
  object space 49664K, 21% used [0x0000000080000000,0x0000000080a7acd8,0x0000000083080000)
 Metaspace       used 34450K, capacity 35372K, committed 35496K, reserved 1079296K
  class space    used 4670K, capacity 4942K, committed 5032K, reserved 1048576K
}
Event: 18.992 GC heap before
{Heap before GC invocations=11 (full 2):
 PSYoungGen      total 135168K, used 11242K [0x00000000d5580000, 0x00000000de700000, 0x0000000100000000)
  eden space 123904K, 0% used [0x00000000d5580000,0x00000000d5580000,0x00000000dce80000)
  from space 11264K, 99% used [0x00000000dd100000,0x00000000ddbfabc8,0x00000000ddc00000)
  to   space 8192K, 0% used [0x00000000ddf00000,0x00000000ddf00000,0x00000000de700000)
 ParOldGen       total 49664K, used 10731K [0x0000000080000000, 0x0000000083080000, 0x00000000d5580000)
  object space 49664K, 21% used [0x0000000080000000,0x0000000080a7acd8,0x0000000083080000)
 Metaspace       used 34450K, capacity 35372K, committed 35496K, reserved 1079296K
  class space    used 4670K, capacity 4942K, committed 5032K, reserved 1048576K
Event: 19.157 GC heap after
Heap after GC invocations=11 (full 2):
 PSYoungGen      total 135168K, used 0K [0x00000000d5580000, 0x00000000de700000, 0x0000000100000000)
  eden space 123904K, 0% used [0x00000000d5580000,0x00000000d5580000,0x00000000dce80000)
  from space 11264K, 0% used [0x00000000dd100000,0x00000000dd100000,0x00000000ddc00000)
  to   space 8192K, 0% used [0x00000000ddf00000,0x00000000ddf00000,0x00000000de700000)
 ParOldGen       total 70144K, used 18599K [0x0000000080000000, 0x0000000084480000, 0x00000000d5580000)
  object space 70144K, 26% used [0x0000000080000000,0x0000000081229c20,0x0000000084480000)
 Metaspace       used 34450K, capacity 35372K, committed 35496K, reserved 1079296K
  class space    used 4670K, capacity 4942K, committed 5032K, reserved 1048576K
}

Deoptimization events (10 events):
Event: 18.934 Thread 0x000000001d12a800 Uncommon trap: reason=unstable_if action=reinterpret pc=0x00000000030bd9cc method=java.util.HashMap.getNode(ILjava/lang/Object;)Ljava/util/HashMap$Node; @ 53
Event: 18.934 Thread 0x000000001d12a800 Uncommon trap: reason=unstable_if action=reinterpret pc=0x00000000032f1638 method=java.util.HashMap.hash(Ljava/lang/Object;)I @ 1
Event: 19.171 Thread 0x000000001d12a800 Uncommon trap: reason=bimorphic action=maybe_recompile pc=0x0000000003852190 method=java.util.AbstractCollection.addAll(Ljava/util/Collection;)Z @ 29
Event: 19.257 Thread 0x000000001d12a800 Uncommon trap: reason=unstable_if action=reinterpret pc=0x000000000368c980 method=org.objectweb.asm.ByteVector.putShort(I)Lorg/objectweb/asm/ByteVector; @ 13
Event: 19.259 Thread 0x000000001d12a800 Uncommon trap: reason=unstable_if action=reinterpret pc=0x0000000003011f08 method=java.net.URLStreamHandler.sameFile(Ljava/net/URL;Ljava/net/URL;)Z @ 63
Event: 19.350 Thread 0x000000001d12a800 Uncommon trap: reason=unstable_if action=reinterpret pc=0x00000000037ce8b8 method=java.util.regex.Pattern$CharProperty.match(Ljava/util/regex/Matcher;ILjava/lang/CharSequence;)Z @ 40
Event: 19.402 Thread 0x000000001d12a800 Uncommon trap: reason=unstable_if action=reinterpret pc=0x00000000038c7010 method=java.lang.ClassLoader.checkCerts(Ljava/lang/String;Ljava/security/CodeSource;)V @ 29
Event: 19.444 Thread 0x000000001d12a800 Uncommon trap: reason=unstable_if action=reinterpret pc=0x000000000369caf8 method=org.gradle.internal.reflect.PropertyAccessorType.isGetGetterName(Ljava/lang/String;)Z @ 14
Event: 19.467 Thread 0x000000001d12a800 Uncommon trap: reason=unstable_if action=reinterpret pc=0x000000000318b62c method=java.net.URLStreamHandler.sameFile(Ljava/net/URL;Ljava/net/URL;)Z @ 63
Event: 19.599 Thread 0x000000001d12a800 Uncommon trap: reason=unstable_if action=reinterpret pc=0x0000000003004ce0 method=java.net.URI.match(CJJ)Z @ 45

Classes redefined (0 events):
No events

Internal exceptions (10 events):
Event: 19.529 Thread 0x000000001d12a800 Exception <a 'java/lang/ClassNotFoundException': org/gradle/api/internal/artifacts/DefaultArtifactRepositoryContainerBeanInfo> (0x00000000d7317280) thrown at [C:\src\AOSP-openjdk-git\hotspot\src\share\vm\classfile\systemDictionary.cpp, line 210]
Event: 19.530 Thread 0x000000001d12a800 Exception <a 'java/lang/ClassNotFoundException': org/gradle/api/internal/DefaultNamedDomainObjectListBeanInfo> (0x00000000d734bf20) thrown at [C:\src\AOSP-openjdk-git\hotspot\src\share\vm\classfile\systemDictionary.cpp, line 210]
Event: 19.530 Thread 0x000000001d12a800 Exception <a 'java/lang/ClassNotFoundException': org/gradle/api/internal/DefaultNamedDomainObjectCollectionBeanInfo> (0x00000000d73830d8) thrown at [C:\src\AOSP-openjdk-git\hotspot\src\share\vm\classfile\systemDictionary.cpp, line 210]
Event: 19.531 Thread 0x000000001d12a800 Exception <a 'java/lang/ClassNotFoundException': org/gradle/api/internal/DefaultDomainObjectCollectionBeanInfo> (0x00000000d73b8af0) thrown at [C:\src\AOSP-openjdk-git\hotspot\src\share\vm\classfile\systemDictionary.cpp, line 210]
Event: 19.532 Thread 0x000000001d12a800 Exception <a 'java/lang/ClassNotFoundException': org/gradle/api/internal/DefaultDomainObjectCollectionCustomizer> (0x00000000d73ef040) thrown at [C:\src\AOSP-openjdk-git\hotspot\src\share\vm\classfile\systemDictionary.cpp, line 210]
Event: 19.534 Thread 0x000000001d12a800 Exception <a 'java/lang/ClassNotFoundException': org/gradle/api/internal/DefaultNamedDomainObjectCollectionCustomizer> (0x00000000d744e940) thrown at [C:\src\AOSP-openjdk-git\hotspot\src\share\vm\classfile\systemDictionary.cpp, line 210]
Event: 19.538 Thread 0x000000001d12a800 Exception <a 'java/lang/ClassNotFoundException': org/gradle/api/internal/DefaultNamedDomainObjectListCustomizer> (0x00000000d74bdce8) thrown at [C:\src\AOSP-openjdk-git\hotspot\src\share\vm\classfile\systemDictionary.cpp, line 210]
Event: 19.541 Thread 0x000000001d12a800 Exception <a 'java/lang/ClassNotFoundException': org/gradle/api/internal/artifacts/DefaultArtifactRepositoryContainerCustomizer> (0x00000000d7534e38) thrown at [C:\src\AOSP-openjdk-git\hotspot\src\share\vm\classfile\systemDictionary.cpp, line 210]
Event: 19.542 Thread 0x000000001d12a800 Exception <a 'java/lang/ClassNotFoundException': org/gradle/api/internal/artifacts/dsl/DefaultRepositoryHandlerCustomizer> (0x00000000d759cc18) thrown at [C:\src\AOSP-openjdk-git\hotspot\src\share\vm\classfile\systemDictionary.cpp, line 210]
Event: 19.544 Thread 0x000000001d12a800 Exception <a 'java/lang/ClassNotFoundException': org/gradle/api/internal/artifacts/dsl/DefaultRepositoryHandler_DecoratedCustomizer> (0x00000000d761b1a8) thrown at [C:\src\AOSP-openjdk-git\hotspot\src\share\vm\classfile\systemDictionary.cpp, line 210]

Events (10 events):
Event: 19.666 loading class org/gradle/api/internal/artifacts/ProjectBackedModule
Event: 19.666 loading class org/gradle/api/internal/artifacts/ProjectBackedModule done
Event: 19.667 loading class org/gradle/api/internal/artifacts/dependencies/DefaultImmutableVersionConstraint
Event: 19.667 loading class org/gradle/api/internal/artifacts/dependencies/DefaultImmutableVersionConstraint done
Event: 19.668 loading class org/gradle/internal/component/external/model/DefaultModuleComponentSelector
Event: 19.668 loading class org/gradle/internal/component/external/model/DefaultModuleComponentSelector done
Event: 19.669 loading class org/gradle/api/artifacts/component/ModuleComponentSelector
Event: 19.669 loading class org/gradle/api/artifacts/component/ModuleComponentSelector done
Event: 19.669 loading class org/gradle/api/internal/artifacts/ivyservice/moduleconverter/dependencies/AbstractIvyDependencyDescriptorFactory$1
Event: 19.669 loading class org/gradle/api/internal/artifacts/ivyservice/moduleconverter/dependencies/AbstractIvyDependencyDescriptorFactory$1 done


Dynamic libraries:
0x00007ff6829f0000 - 0x00007ff682a21000 	C:\Work\Android Studio\jre\bin\java.exe
0x00007ff8d3b70000 - 0x00007ff8d3d66000 	C:\WINDOWS\SYSTEM32\ntdll.dll
0x00007ff8d3610000 - 0x00007ff8d36cd000 	C:\WINDOWS\System32\KERNEL32.DLL
0x00007ff8d13a0000 - 0x00007ff8d1668000 	C:\WINDOWS\System32\KERNELBASE.dll
0x00007ff8d1df0000 - 0x00007ff8d1e9a000 	C:\WINDOWS\System32\ADVAPI32.dll
0x00007ff8d3570000 - 0x00007ff8d360e000 	C:\WINDOWS\System32\msvcrt.dll
0x00007ff8d1bf0000 - 0x00007ff8d1c8b000 	C:\WINDOWS\System32\sechost.dll
0x00007ff8d3190000 - 0x00007ff8d32b4000 	C:\WINDOWS\System32\RPCRT4.dll
0x00007ff8d1f00000 - 0x00007ff8d20a0000 	C:\WINDOWS\System32\USER32.dll
0x00007ff8d1810000 - 0x00007ff8d1832000 	C:\WINDOWS\System32\win32u.dll
0x00007ff8d32c0000 - 0x00007ff8d32ea000 	C:\WINDOWS\System32\GDI32.dll
0x00007ff8d1ad0000 - 0x00007ff8d1bd9000 	C:\WINDOWS\System32\gdi32full.dll
0x00007ff8d1670000 - 0x00007ff8d170d000 	C:\WINDOWS\System32\msvcp_win.dll
0x00007ff8d1710000 - 0x00007ff8d1810000 	C:\WINDOWS\System32\ucrtbase.dll
0x00007ff8bcf80000 - 0x00007ff8bd21b000 	C:\WINDOWS\WinSxS\amd64_microsoft.windows.common-controls_6595b64144ccf1df_6.0.19041.488_none_ca04af081b815d21\COMCTL32.dll
0x00007ff8d3420000 - 0x00007ff8d3450000 	C:\WINDOWS\System32\IMM32.DLL
0x00000000747f0000 - 0x00000000748c2000 	C:\Work\Android Studio\jre\jre\bin\msvcr100.dll
0x0000000075340000 - 0x0000000075b8b000 	C:\Work\Android Studio\jre\jre\bin\server\jvm.dll
0x00007ff8d1be0000 - 0x00007ff8d1be8000 	C:\WINDOWS\System32\PSAPI.DLL
0x00007ff8bf160000 - 0x00007ff8bf187000 	C:\WINDOWS\SYSTEM32\WINMM.dll
0x00007ff8cc1d0000 - 0x00007ff8cc1d9000 	C:\WINDOWS\SYSTEM32\WSOCK32.dll
0x00007ff8c9e40000 - 0x00007ff8c9e4a000 	C:\WINDOWS\SYSTEM32\VERSION.dll
0x00007ff8d33b0000 - 0x00007ff8d341b000 	C:\WINDOWS\System32\WS2_32.dll
0x00007ff8be950000 - 0x00007ff8be95f000 	C:\Work\Android Studio\jre\jre\bin\verify.dll
0x00007ff8be7f0000 - 0x00007ff8be819000 	C:\Work\Android Studio\jre\jre\bin\java.dll
0x00007ff8be6c0000 - 0x00007ff8be6d6000 	C:\Work\Android Studio\jre\jre\bin\zip.dll
0x00007ff8d20a0000 - 0x00007ff8d27e0000 	C:\WINDOWS\System32\SHELL32.dll
0x00007ff8cf410000 - 0x00007ff8cfba4000 	C:\WINDOWS\SYSTEM32\windows.storage.dll
0x00007ff8d2840000 - 0x00007ff8d2b95000 	C:\WINDOWS\System32\combase.dll
0x00007ff8d0d30000 - 0x00007ff8d0d5c000 	C:\WINDOWS\SYSTEM32\Wldp.dll
0x00007ff8d30e0000 - 0x00007ff8d318e000 	C:\WINDOWS\System32\SHCORE.dll
0x00007ff8d27e0000 - 0x00007ff8d2835000 	C:\WINDOWS\System32\shlwapi.dll
0x00007ff8d11f0000 - 0x00007ff8d1216000 	C:\WINDOWS\SYSTEM32\profapi.dll
0x00007ff8be6a0000 - 0x00007ff8be6ba000 	C:\Work\Android Studio\jre\jre\bin\net.dll
0x00007ff8d0ab0000 - 0x00007ff8d0b1a000 	C:\WINDOWS\system32\mswsock.dll
0x00007ff8be680000 - 0x00007ff8be693000 	C:\Work\Android Studio\jre\jre\bin\nio.dll
0x00007ff8aa110000 - 0x00007ff8aa136000 	C:\Users\Zee\.gradle\native\31\windows-amd64\native-platform.dll
0x00007ff8be5a0000 - 0x00007ff8be5ad000 	C:\Work\Android Studio\jre\jre\bin\management.dll
0x00007ff8d0c90000 - 0x00007ff8d0ca8000 	C:\WINDOWS\SYSTEM32\CRYPTSP.dll
0x00007ff8d03d0000 - 0x00007ff8d0404000 	C:\WINDOWS\system32\rsaenh.dll
0x00007ff8d1890000 - 0x00007ff8d18b7000 	C:\WINDOWS\System32\bcrypt.dll
0x00007ff8d11b0000 - 0x00007ff8d11de000 	C:\WINDOWS\SYSTEM32\USERENV.dll
0x00007ff8d12c0000 - 0x00007ff8d133f000 	C:\WINDOWS\System32\bcryptprimitives.dll
0x00007ff8d0c80000 - 0x00007ff8d0c8c000 	C:\WINDOWS\SYSTEM32\CRYPTBASE.dll
0x00007ff8d0750000 - 0x00007ff8d078b000 	C:\WINDOWS\SYSTEM32\IPHLPAPI.DLL
0x00007ff8d36d0000 - 0x00007ff8d36d9000 	C:\WINDOWS\System32\NSI.dll
0x00007ff8c61e0000 - 0x00007ff8c61f7000 	C:\WINDOWS\SYSTEM32\dhcpcsvc6.DLL
0x00007ff8c7850000 - 0x00007ff8c786d000 	C:\WINDOWS\SYSTEM32\dhcpcsvc.DLL
0x00007ff8d0790000 - 0x00007ff8d085b000 	C:\WINDOWS\SYSTEM32\DNSAPI.dll

VM Arguments:
jvm_args: -Xmx2048m -Dfile.encoding=windows-1252 -Duser.country=US -Duser.language=en -Duser.variant 
java_command: org.gradle.launcher.daemon.bootstrap.GradleDaemon 6.1.1
java_class_path (initial): C:\Users\Zee\.gradle\wrapper\dists\gradle-6.1.1-all\cfmwm155h49vnt3hynmlrsdst\gradle-6.1.1\lib\gradle-launcher-6.1.1.jar
Launcher Type: SUN_STANDARD

Environment Variables:
PATH=C:\texlive\2015\bin\win32;C:\texlive\2000\bin\win32;C:\Program Files (x86)\Intel\Intel(R) Management Engine Components\iCLS\;C:\Program Files\Intel\Intel(R) Management Engine Components\iCLS\;C:\Windows\system32;C:\Windows;C:\Windows\System32\Wbem;C:\Windows\System32\WindowsPowerShell\v1.0\;C:\Windows\System32\OpenSSH\;C:\Program Files (x86)\Intel\Intel(R) Management Engine Components\DAL;C:\Program Files\Intel\Intel(R) Management Engine Components\DAL;C:\Program Files (x86)\Intel\Intel(R) Management Engine Components\IPT;C:\Program Files\Intel\Intel(R) Management Engine Components\IPT;C:\Program Files (x86)\NVIDIA Corporation\PhysX\Common;C:\WINDOWS\system32;C:\WINDOWS;C:\WINDOWS\System32\Wbem;C:\WINDOWS\System32\WindowsPowerShell\v1.0\;C:\WINDOWS\System32\OpenSSH\;C:\Program Files\NVIDIA Corporation\NVIDIA NvDLISR;C:\Work\GIT\Git\cmd;C:\Users\Zee\AppData\Local\Microsoft\WindowsApps;C:\Work\Visual Studio\Microsoft VS Code\bin;C:\xampp\php;C:\Work\XAMPP\php;C:\Users\Zee\composer;C:\Users\Zee\AppData\Roaming\Composer\vendor\bin
USERNAME=Zee
OS=Windows_NT
PROCESSOR_IDENTIFIER=Intel64 Family 6 Model 158 Stepping 10, GenuineIntel



---------------  S Y S T E M  ---------------

OS: Windows 10.0 , 64 bit Build 19041 (10.0.19041.546)

CPU:total 12 (initial active 12) (6 cores per cpu, 2 threads per core) family 6 model 158 stepping 10, cmov, cx8, fxsr, mmx, sse, sse2, sse3, ssse3, sse4.1, sse4.2, popcnt, avx, avx2, aes, clmul, erms, 3dnowpref, lzcnt, ht, tsc, tscinvbit, bmi1, bmi2, adx

Memory: 4k page, physical 8225140k(458772k free), swap 33390964k(6368k free)

vm_info: OpenJDK 64-Bit Server VM (25.242-b01) for windows-amd64 JRE (1.8.0_242-release-1644-b01), built by "builder" with MS VC++ 10.0 (VS2010)

time: Mon Oct 19 10:51:48 2020
timezone: SE Asia Standard Time
elapsed time: 19 seconds (0d 0h 0m 19s)

