#
# There is insufficient memory for the Java Runtime Environment to continue.
# Native memory allocation (malloc) failed to allocate 1149776 bytes for Chunk::new
# Possible reasons:
#   The system is out of physical RAM or swap space
#   The process is running with CompressedOops enabled, and the Java Heap may be blocking the growth of the native heap
# Possible solutions:
#   Reduce memory load on the system
#   Increase physical memory or swap space
#   Check if swap backing store is full
#   Decrease Java heap size (-Xmx/-Xms)
#   Decrease number of Java threads
#   Decrease Java thread stack sizes (-Xss)
#   Set larger code cache with -XX:ReservedCodeCacheSize=
#   JVM is running with Unscaled Compressed Oops mode in which the Java heap is
#     placed in the first 4GB address space. The Java Heap base address is the
#     maximum limit for the native heap growth. Please use -XX:HeapBaseMinAddress
#     to set the Java Heap base and to place the Java Heap above 4GB virtual address.
# This output file may be truncated or incomplete.
#
#  Out of Memory Error (allocation.cpp:389), pid=23708, tid=0x0000000000005fec
#
# JRE version: OpenJDK Runtime Environment (8.0_242-b01) (build 1.8.0_242-release-1644-b01)
# Java VM: OpenJDK 64-Bit Server VM (25.242-b01 mixed mode windows-amd64 compressed oops)
# Failed to write core dump. Minidumps are not enabled by default on client versions of Windows
#

---------------  T H R E A D  ---------------

Current thread (0x0000000019818800):  JavaThread "C2 CompilerThread0" daemon [_thread_in_native, id=24556, stack(0x000000001ae60000,0x000000001af60000)]

Stack: [0x000000001ae60000,0x000000001af60000]
[error occurred during error reporting (printing stack bounds), id 0xc0000005]

Native frames: (J=compiled Java code, j=interpreted, Vv=VM code, C=native code)


Current CompileTask:
C2:   3484 1458       4       java.net.URLClassLoader$1::run (5 bytes)


---------------  P R O C E S S  ---------------

Java Threads: ( => current thread )
  0x000000001d271000 JavaThread "File lock release action executor" [_thread_blocked, id=22424, stack(0x000000001f380000,0x000000001f480000)]
  0x000000001d270800 JavaThread "Cache worker for file hash cache (C:\Users\Zee\.gradle\caches\6.1.1\fileHashes)" [_thread_blocked, id=15316, stack(0x000000001f280000,0x000000001f380000)]
  0x000000001d26f800 JavaThread "File lock request listener" [_thread_in_native, id=10472, stack(0x000000001f180000,0x000000001f280000)]
  0x000000001d401800 JavaThread "Cache worker for journal cache (C:\Users\Zee\.gradle\caches\journal-1)" [_thread_blocked, id=22020, stack(0x000000001f080000,0x000000001f180000)]
  0x000000001d185800 JavaThread "Thread-9" [_thread_blocked, id=22684, stack(0x000000001ed80000,0x000000001ee80000)]
  0x000000001d1c8000 JavaThread "Stdin handler" [_thread_blocked, id=6588, stack(0x000000001ec80000,0x000000001ed80000)]
  0x000000001d1c7000 JavaThread "Asynchronous log dispatcher for DefaultDaemonConnection: socket connection from /127.0.0.1:49861 to /127.0.0.1:49863" [_thread_blocked, id=22112, stack(0x000000001eb80000,0x000000001ec80000)]
  0x000000001d10d800 JavaThread "Daemon worker" [_thread_in_native, id=20468, stack(0x000000001ea80000,0x000000001eb80000)]
  0x000000001d1b8000 JavaThread "Cancel handler" [_thread_blocked, id=2672, stack(0x000000001e980000,0x000000001ea80000)]
  0x000000001d1c2000 JavaThread "Handler for socket connection from /127.0.0.1:49861 to /127.0.0.1:49863" [_thread_in_native, id=19724, stack(0x000000001e680000,0x000000001e780000)]
  0x000000001d1c1000 JavaThread "Daemon" [_thread_blocked, id=7964, stack(0x000000001e580000,0x000000001e680000)]
  0x000000001d1b9800 JavaThread "Daemon periodic checks" [_thread_blocked, id=24932, stack(0x000000001e480000,0x000000001e580000)]
  0x000000001d0cb800 JavaThread "Incoming local TCP Connector on port 49861" [_thread_in_native, id=24316, stack(0x000000001e240000,0x000000001e340000)]
  0x000000001b4ca000 JavaThread "Daemon health stats" [_thread_blocked, id=24668, stack(0x000000001dc00000,0x000000001dd00000)]
  0x000000001984d800 JavaThread "Service Thread" daemon [_thread_blocked, id=25012, stack(0x000000001b260000,0x000000001b360000)]
  0x0000000019826000 JavaThread "C1 CompilerThread3" daemon [_thread_blocked, id=17216, stack(0x000000001b160000,0x000000001b260000)]
  0x0000000019825800 JavaThread "C2 CompilerThread2" daemon [_thread_in_native, id=8004, stack(0x000000001b060000,0x000000001b160000)]
  0x0000000019822800 JavaThread "C2 CompilerThread1" daemon [_thread_blocked, id=23084, stack(0x000000001af60000,0x000000001b060000)]
=>0x0000000019818800 JavaThread "C2 CompilerThread0" daemon [_thread_in_native, id=24556, stack(0x000000001ae60000,0x000000001af60000)]
  0x0000000019812000 JavaThread "Attach Listener" daemon [_thread_blocked, id=22472, stack(0x000000001ad60000,0x000000001ae60000)]
  0x0000000019811000 JavaThread "Signal Dispatcher" daemon [_thread_blocked, id=14536, stack(0x000000001ac60000,0x000000001ad60000)]
  0x0000000002e8a000 JavaThread "Finalizer" daemon [_thread_blocked, id=24148, stack(0x000000001aa60000,0x000000001ab60000)]
  0x000000001812c800 JavaThread "Reference Handler" daemon [_thread_blocked, id=22468, stack(0x000000001a960000,0x000000001aa60000)]
  0x0000000002bed800 JavaThread "main" [_thread_blocked, id=22792, stack(0x0000000002c90000,0x0000000002d90000)]

Other Threads:
  0x0000000018125800 VMThread [stack: 0x000000001a860000,0x000000001a960000] [id=22924]
  0x000000001984f000 WatcherThread [stack: 0x000000001b360000,0x000000001b460000] [id=25172]

VM state:not at safepoint (normal execution)

VM Mutex/Monitor currently owned by a thread: None

heap address: 0x0000000080000000, size: 2048 MB, Compressed Oops mode: 32-bit
Narrow klass base: 0x0000000000000000, Narrow klass shift: 3
Compressed class space size: 1073741824 Address: 0x0000000100000000

Heap:
 PSYoungGen      total 37888K, used 19491K [0x00000000d5580000, 0x00000000d7f80000, 0x0000000100000000)
  eden space 32768K, 43% used [0x00000000d5580000,0x00000000d6390d90,0x00000000d7580000)
  from space 5120K, 99% used [0x00000000d7a80000,0x00000000d7f78020,0x00000000d7f80000)
  to   space 5120K, 0% used [0x00000000d7580000,0x00000000d7580000,0x00000000d7a80000)
 ParOldGen       total 86016K, used 4032K [0x0000000080000000, 0x0000000085400000, 0x00000000d5580000)
  object space 86016K, 4% used [0x0000000080000000,0x00000000803f0210,0x0000000085400000)
 Metaspace       used 15886K, capacity 16318K, committed 16512K, reserved 1062912K
  class space    used 2159K, capacity 2319K, committed 2432K, reserved 1048576K

Card table byte_map: [0x0000000012250000,0x0000000012660000] byte_map_base: 0x0000000011e50000

Marking Bits: (ParMarkBitMap*) 0x0000000075b0f030
 Begin Bits: [0x0000000013310000, 0x0000000015310000)
 End Bits:   [0x0000000015310000, 0x0000000017310000)

Polling page: 0x0000000002bb0000

CodeCache: size=245760Kb used=5300Kb max_used=5300Kb free=240459Kb
 bounds [0x0000000002e90000, 0x00000000033c0000, 0x0000000011e90000]
 total_blobs=1895 nmethods=1502 adapters=306
 compilation: enabled

Compilation events (10 events):
Event: 3.413 Thread 0x0000000019826000 1480       1       org.gradle.internal.service.AbstractServiceMethod::getParameterTypes (5 bytes)
Event: 3.413 Thread 0x0000000019826000 nmethod 1480 0x00000000033a1c50 code [0x00000000033a1da0, 0x00000000033a1eb0]
Event: 3.416 Thread 0x0000000019825800 nmethod 1477 0x00000000033a8cd0 code [0x00000000033a8e20, 0x00000000033a92e8]
Event: 3.416 Thread 0x0000000019825800 1479       4       java.lang.ref.ReferenceQueue::reallyPoll (65 bytes)
Event: 3.418 Thread 0x0000000019825800 nmethod 1479 0x00000000033a7110 code [0x00000000033a7240, 0x00000000033a7378]
Event: 3.419 Thread 0x0000000019822800 nmethod 1476 0x00000000033a4590 code [0x00000000033a4740, 0x00000000033a5088]
Event: 3.435 Thread 0x0000000019826000 1481   !   3       org.gradle.internal.classloader.TransformingClassLoader::findClass (203 bytes)
Event: 3.438 Thread 0x0000000019826000 nmethod 1481 0x00000000033ab550 code [0x00000000033aba00, 0x00000000033ae7b8]
Event: 3.438 Thread 0x0000000019826000 1482       3       org.gradle.initialization.MixInLegacyTypesClassLoader::shouldTransform (42 bytes)
Event: 3.438 Thread 0x0000000019826000 nmethod 1482 0x00000000033a3e10 code [0x00000000033a3fa0, 0x00000000033a43f8]

GC Heap History (8 events):
Event: 1.122 GC heap before
{Heap before GC invocations=1 (full 0):
 PSYoungGen      total 37888K, used 32768K [0x00000000d5580000, 0x00000000d7f80000, 0x0000000100000000)
  eden space 32768K, 100% used [0x00000000d5580000,0x00000000d7580000,0x00000000d7580000)
  from space 5120K, 0% used [0x00000000d7a80000,0x00000000d7a80000,0x00000000d7f80000)
  to   space 5120K, 0% used [0x00000000d7580000,0x00000000d7580000,0x00000000d7a80000)
 ParOldGen       total 86016K, used 0K [0x0000000080000000, 0x0000000085400000, 0x00000000d5580000)
  object space 86016K, 0% used [0x0000000080000000,0x0000000080000000,0x0000000085400000)
 Metaspace       used 7193K, capacity 7376K, committed 7680K, reserved 1056768K
  class space    used 883K, capacity 968K, committed 1024K, reserved 1048576K
Event: 1.132 GC heap after
Heap after GC invocations=1 (full 0):
 PSYoungGen      total 37888K, used 4351K [0x00000000d5580000, 0x00000000d7f80000, 0x0000000100000000)
  eden space 32768K, 0% used [0x00000000d5580000,0x00000000d5580000,0x00000000d7580000)
  from space 5120K, 84% used [0x00000000d7580000,0x00000000d79bfd60,0x00000000d7a80000)
  to   space 5120K, 0% used [0x00000000d7a80000,0x00000000d7a80000,0x00000000d7f80000)
 ParOldGen       total 86016K, used 16K [0x0000000080000000, 0x0000000085400000, 0x00000000d5580000)
  object space 86016K, 0% used [0x0000000080000000,0x0000000080004000,0x0000000085400000)
 Metaspace       used 7193K, capacity 7376K, committed 7680K, reserved 1056768K
  class space    used 883K, capacity 968K, committed 1024K, reserved 1048576K
}
Event: 1.490 GC heap before
{Heap before GC invocations=2 (full 0):
 PSYoungGen      total 37888K, used 37119K [0x00000000d5580000, 0x00000000d7f80000, 0x0000000100000000)
  eden space 32768K, 100% used [0x00000000d5580000,0x00000000d7580000,0x00000000d7580000)
  from space 5120K, 84% used [0x00000000d7580000,0x00000000d79bfd60,0x00000000d7a80000)
  to   space 5120K, 0% used [0x00000000d7a80000,0x00000000d7a80000,0x00000000d7f80000)
 ParOldGen       total 86016K, used 16K [0x0000000080000000, 0x0000000085400000, 0x00000000d5580000)
  object space 86016K, 0% used [0x0000000080000000,0x0000000080004000,0x0000000085400000)
 Metaspace       used 7428K, capacity 7688K, committed 7936K, reserved 1056768K
  class space    used 911K, capacity 1008K, committed 1024K, reserved 1048576K
Event: 1.493 GC heap after
Heap after GC invocations=2 (full 0):
 PSYoungGen      total 37888K, used 3389K [0x00000000d5580000, 0x00000000d7f80000, 0x0000000100000000)
  eden space 32768K, 0% used [0x00000000d5580000,0x00000000d5580000,0x00000000d7580000)
  from space 5120K, 66% used [0x00000000d7a80000,0x00000000d7dcf780,0x00000000d7f80000)
  to   space 5120K, 0% used [0x00000000d7580000,0x00000000d7580000,0x00000000d7a80000)
 ParOldGen       total 86016K, used 24K [0x0000000080000000, 0x0000000085400000, 0x00000000d5580000)
  object space 86016K, 0% used [0x0000000080000000,0x0000000080006000,0x0000000085400000)
 Metaspace       used 7428K, capacity 7688K, committed 7936K, reserved 1056768K
  class space    used 911K, capacity 1008K, committed 1024K, reserved 1048576K
}
Event: 3.054 GC heap before
{Heap before GC invocations=3 (full 0):
 PSYoungGen      total 37888K, used 36157K [0x00000000d5580000, 0x00000000d7f80000, 0x0000000100000000)
  eden space 32768K, 100% used [0x00000000d5580000,0x00000000d7580000,0x00000000d7580000)
  from space 5120K, 66% used [0x00000000d7a80000,0x00000000d7dcf780,0x00000000d7f80000)
  to   space 5120K, 0% used [0x00000000d7580000,0x00000000d7580000,0x00000000d7a80000)
 ParOldGen       total 86016K, used 24K [0x0000000080000000, 0x0000000085400000, 0x00000000d5580000)
  object space 86016K, 0% used [0x0000000080000000,0x0000000080006000,0x0000000085400000)
 Metaspace       used 12173K, capacity 12432K, committed 12544K, reserved 1060864K
  class space    used 1623K, capacity 1732K, committed 1792K, reserved 1048576K
Event: 3.061 GC heap after
Heap after GC invocations=3 (full 0):
 PSYoungGen      total 37888K, used 5120K [0x00000000d5580000, 0x00000000d7f80000, 0x0000000100000000)
  eden space 32768K, 0% used [0x00000000d5580000,0x00000000d5580000,0x00000000d7580000)
  from space 5120K, 100% used [0x00000000d7580000,0x00000000d7a80000,0x00000000d7a80000)
  to   space 5120K, 0% used [0x00000000d7a80000,0x00000000d7a80000,0x00000000d7f80000)
 ParOldGen       total 86016K, used 1345K [0x0000000080000000, 0x0000000085400000, 0x00000000d5580000)
  object space 86016K, 1% used [0x0000000080000000,0x0000000080150548,0x0000000085400000)
 Metaspace       used 12173K, capacity 12432K, committed 12544K, reserved 1060864K
  class space    used 1623K, capacity 1732K, committed 1792K, reserved 1048576K
}
Event: 3.404 GC heap before
{Heap before GC invocations=4 (full 0):
 PSYoungGen      total 37888K, used 37888K [0x00000000d5580000, 0x00000000d7f80000, 0x0000000100000000)
  eden space 32768K, 100% used [0x00000000d5580000,0x00000000d7580000,0x00000000d7580000)
  from space 5120K, 100% used [0x00000000d7580000,0x00000000d7a80000,0x00000000d7a80000)
  to   space 5120K, 0% used [0x00000000d7a80000,0x00000000d7a80000,0x00000000d7f80000)
 ParOldGen       total 86016K, used 1345K [0x0000000080000000, 0x0000000085400000, 0x00000000d5580000)
  object space 86016K, 1% used [0x0000000080000000,0x0000000080150548,0x0000000085400000)
 Metaspace       used 15384K, capacity 15832K, committed 16128K, reserved 1062912K
  class space    used 2056K, capacity 2220K, committed 2304K, reserved 1048576K
Event: 3.410 GC heap after
Heap after GC invocations=4 (full 0):
 PSYoungGen      total 37888K, used 5088K [0x00000000d5580000, 0x00000000d7f80000, 0x0000000100000000)
  eden space 32768K, 0% used [0x00000000d5580000,0x00000000d5580000,0x00000000d7580000)
  from space 5120K, 99% used [0x00000000d7a80000,0x00000000d7f78020,0x00000000d7f80000)
  to   space 5120K, 0% used [0x00000000d7580000,0x00000000d7580000,0x00000000d7a80000)
 ParOldGen       total 86016K, used 4032K [0x0000000080000000, 0x0000000085400000, 0x00000000d5580000)
  object space 86016K, 4% used [0x0000000080000000,0x00000000803f0210,0x0000000085400000)
 Metaspace       used 15384K, capacity 15832K, committed 16128K, reserved 1062912K
  class space    used 2056K, capacity 2220K, committed 2304K, reserved 1048576K
}

Deoptimization events (10 events):
Event: 2.299 Thread 0x0000000002bed800 Uncommon trap: reason=unstable_if action=reinterpret pc=0x00000000031b108c method=java.io.WinNTFileSystem.normalize(Ljava/lang/String;)Ljava/lang/String; @ 128
Event: 2.944 Thread 0x000000001d1c2000 Uncommon trap: reason=unstable_if action=reinterpret pc=0x0000000003297328 method=java.util.concurrent.ConcurrentHashMap.putVal(Ljava/lang/Object;Ljava/lang/Object;Z)Ljava/lang/Object; @ 206
Event: 2.962 Thread 0x000000001d1c2000 Uncommon trap: reason=unstable_if action=reinterpret pc=0x00000000031a1c94 method=java.lang.String.substring(I)Ljava/lang/String; @ 35
Event: 3.042 Thread 0x000000001d10d800 Uncommon trap: reason=bimorphic action=maybe_recompile pc=0x000000000316010c method=java.util.HashMap.putVal(ILjava/lang/Object;Ljava/lang/Object;ZZ)Ljava/lang/Object; @ 253
Event: 3.042 Thread 0x000000001d10d800 Uncommon trap: reason=bimorphic action=maybe_recompile pc=0x000000000316010c method=java.util.HashMap.putVal(ILjava/lang/Object;Ljava/lang/Object;ZZ)Ljava/lang/Object; @ 253
Event: 3.042 Thread 0x000000001d10d800 Uncommon trap: reason=bimorphic action=maybe_recompile pc=0x000000000316010c method=java.util.HashMap.putVal(ILjava/lang/Object;Ljava/lang/Object;ZZ)Ljava/lang/Object; @ 253
Event: 3.263 Thread 0x000000001d10d800 Uncommon trap: reason=class_check action=maybe_recompile pc=0x00000000031c6d98 method=java.util.regex.Matcher.match(II)Z @ 86
Event: 3.264 Thread 0x000000001d10d800 Uncommon trap: reason=class_check action=maybe_recompile pc=0x00000000031c6d98 method=java.util.regex.Matcher.match(II)Z @ 86
Event: 3.264 Thread 0x000000001d10d800 Uncommon trap: reason=class_check action=maybe_recompile pc=0x00000000031c6d98 method=java.util.regex.Matcher.match(II)Z @ 86
Event: 3.264 Thread 0x000000001d10d800 Uncommon trap: reason=class_check action=maybe_recompile pc=0x0000000003045d9c method=java.util.regex.Matcher.match(II)Z @ 86

Classes redefined (0 events):
No events

Internal exceptions (10 events):
Event: 2.947 Thread 0x000000001d1c2000 Exception <a 'java/lang/NoSuchMethodError': <clinit>> (0x00000000d7201db8) thrown at [C:\src\AOSP-openjdk-git\hotspot\src\share\vm\prims\jni.cpp, line 1615]
Event: 2.951 Thread 0x000000001d1c2000 Exception <a 'java/lang/NoSuchMethodError': <clinit>> (0x00000000d7214818) thrown at [C:\src\AOSP-openjdk-git\hotspot\src\share\vm\prims\jni.cpp, line 1615]
Event: 2.954 Thread 0x000000001d1c2000 Exception <a 'java/lang/NoSuchMethodError': <clinit>> (0x00000000d723b500) thrown at [C:\src\AOSP-openjdk-git\hotspot\src\share\vm\prims\jni.cpp, line 1615]
Event: 2.956 Thread 0x000000001d1c2000 Exception <a 'java/lang/NoSuchMethodError': <clinit>> (0x00000000d72530f0) thrown at [C:\src\AOSP-openjdk-git\hotspot\src\share\vm\prims\jni.cpp, line 1615]
Event: 2.957 Thread 0x000000001d1c2000 Exception <a 'java/lang/NoSuchMethodError': <clinit>> (0x00000000d725bc90) thrown at [C:\src\AOSP-openjdk-git\hotspot\src\share\vm\prims\jni.cpp, line 1615]
Event: 2.958 Thread 0x000000001d1c2000 Exception <a 'java/lang/NoSuchMethodError': <clinit>> (0x00000000d7272060) thrown at [C:\src\AOSP-openjdk-git\hotspot\src\share\vm\prims\jni.cpp, line 1615]
Event: 2.968 Thread 0x000000001d1c2000 Exception <a 'java/lang/NoSuchMethodError': <clinit>> (0x00000000d72d66b8) thrown at [C:\src\AOSP-openjdk-git\hotspot\src\share\vm\prims\jni.cpp, line 1615]
Event: 2.971 Thread 0x000000001d1c2000 Exception <a 'java/lang/NoSuchMethodError': <clinit>> (0x00000000d7302d80) thrown at [C:\src\AOSP-openjdk-git\hotspot\src\share\vm\prims\jni.cpp, line 1615]
Event: 2.975 Thread 0x000000001d1c2000 Exception <a 'java/lang/NoSuchMethodError': <clinit>> (0x00000000d73313f0) thrown at [C:\src\AOSP-openjdk-git\hotspot\src\share\vm\prims\jni.cpp, line 1615]
Event: 2.976 Thread 0x000000001d1c2000 Exception <a 'java/lang/NoSuchMethodError': <clinit>> (0x00000000d733c3c0) thrown at [C:\src\AOSP-openjdk-git\hotspot\src\share\vm\prims\jni.cpp, line 1615]

Events (10 events):
Event: 3.438 loading class org/gradle/internal/resolve/caching/CrossBuildCachingRuleExecutor done
Event: 3.438 loading class org/gradle/internal/resolve/caching/CachingRuleExecutor
Event: 3.438 loading class org/gradle/internal/resolve/caching/CachingRuleExecutor done
Event: 3.439 loading class org/gradle/internal/verifier/HttpRedirectVerifier
Event: 3.439 loading class org/gradle/internal/verifier/HttpRedirectVerifier done
Event: 3.439 loading class org/gradle/api/internal/artifacts/ivyservice/modulecache/SuppliedComponentMetadataSerializer
Event: 3.439 loading class org/gradle/api/internal/artifacts/ivyservice/modulecache/SuppliedComponentMetadataSerializer done
Event: 3.440 loading class org/gradle/api/internal/artifacts/repositories/metadata/MavenMutableModuleMetadataFactory
Event: 3.440 loading class org/gradle/api/internal/artifacts/repositories/metadata/MavenMutableModuleMetadataFactory done
Event: 3.440 loading class org/gradle/api/internal/artifacts/ivyservice/modulecache/ModuleComponentResolveMetadataSerializer


Dynamic libraries:
0x00007ff6829f0000 - 0x00007ff682a21000 	C:\Work\Android Studio\jre\bin\java.exe
0x00007ff8d3b70000 - 0x00007ff8d3d66000 	C:\WINDOWS\SYSTEM32\ntdll.dll
0x00007ff8d3610000 - 0x00007ff8d36cd000 	C:\WINDOWS\System32\KERNEL32.DLL
0x00007ff8d13a0000 - 0x00007ff8d1668000 	C:\WINDOWS\System32\KERNELBASE.dll
0x00007ff8d1df0000 - 0x00007ff8d1e9a000 	C:\WINDOWS\System32\ADVAPI32.dll
0x00007ff8d3570000 - 0x00007ff8d360e000 	C:\WINDOWS\System32\msvcrt.dll
0x00007ff8d1bf0000 - 0x00007ff8d1c8b000 	C:\WINDOWS\System32\sechost.dll
0x00007ff8d3190000 - 0x00007ff8d32b4000 	C:\WINDOWS\System32\RPCRT4.dll
0x00007ff8d1f00000 - 0x00007ff8d20a0000 	C:\WINDOWS\System32\USER32.dll
0x00007ff8d1810000 - 0x00007ff8d1832000 	C:\WINDOWS\System32\win32u.dll
0x00007ff8d32c0000 - 0x00007ff8d32ea000 	C:\WINDOWS\System32\GDI32.dll
0x00007ff8d1ad0000 - 0x00007ff8d1bd9000 	C:\WINDOWS\System32\gdi32full.dll
0x00007ff8d1670000 - 0x00007ff8d170d000 	C:\WINDOWS\System32\msvcp_win.dll
0x00007ff8d1710000 - 0x00007ff8d1810000 	C:\WINDOWS\System32\ucrtbase.dll
0x00007ff8bcf80000 - 0x00007ff8bd21b000 	C:\WINDOWS\WinSxS\amd64_microsoft.windows.common-controls_6595b64144ccf1df_6.0.19041.488_none_ca04af081b815d21\COMCTL32.dll
0x00007ff8d3420000 - 0x00007ff8d3450000 	C:\WINDOWS\System32\IMM32.DLL
0x00000000747f0000 - 0x00000000748c2000 	C:\Work\Android Studio\jre\jre\bin\msvcr100.dll
0x0000000075340000 - 0x0000000075b8b000 	C:\Work\Android Studio\jre\jre\bin\server\jvm.dll
0x00007ff8d1be0000 - 0x00007ff8d1be8000 	C:\WINDOWS\System32\PSAPI.DLL
0x00007ff8c9e40000 - 0x00007ff8c9e4a000 	C:\WINDOWS\SYSTEM32\VERSION.dll
0x00007ff8bf160000 - 0x00007ff8bf187000 	C:\WINDOWS\SYSTEM32\WINMM.dll
0x00007ff8cc1d0000 - 0x00007ff8cc1d9000 	C:\WINDOWS\SYSTEM32\WSOCK32.dll
0x00007ff8d33b0000 - 0x00007ff8d341b000 	C:\WINDOWS\System32\WS2_32.dll
0x00007ff8be950000 - 0x00007ff8be95f000 	C:\Work\Android Studio\jre\jre\bin\verify.dll
0x00007ff8be7f0000 - 0x00007ff8be819000 	C:\Work\Android Studio\jre\jre\bin\java.dll
0x00007ff8be6c0000 - 0x00007ff8be6d6000 	C:\Work\Android Studio\jre\jre\bin\zip.dll
0x00007ff8d20a0000 - 0x00007ff8d27e0000 	C:\WINDOWS\System32\SHELL32.dll
0x00007ff8cf410000 - 0x00007ff8cfba4000 	C:\WINDOWS\SYSTEM32\windows.storage.dll
0x00007ff8d2840000 - 0x00007ff8d2b95000 	C:\WINDOWS\System32\combase.dll
0x00007ff8d0d30000 - 0x00007ff8d0d5c000 	C:\WINDOWS\SYSTEM32\Wldp.dll
0x00007ff8d30e0000 - 0x00007ff8d318e000 	C:\WINDOWS\System32\SHCORE.dll
0x00007ff8d27e0000 - 0x00007ff8d2835000 	C:\WINDOWS\System32\shlwapi.dll
0x00007ff8d11f0000 - 0x00007ff8d1216000 	C:\WINDOWS\SYSTEM32\profapi.dll
0x00007ff8be6a0000 - 0x00007ff8be6ba000 	C:\Work\Android Studio\jre\jre\bin\net.dll
0x00007ff8d0ab0000 - 0x00007ff8d0b1a000 	C:\WINDOWS\system32\mswsock.dll
0x00007ff8be680000 - 0x00007ff8be693000 	C:\Work\Android Studio\jre\jre\bin\nio.dll
0x00007ff8aa110000 - 0x00007ff8aa136000 	C:\Users\Zee\.gradle\native\31\windows-amd64\native-platform.dll
0x00007ff8be5a0000 - 0x00007ff8be5ad000 	C:\Work\Android Studio\jre\jre\bin\management.dll
0x00007ff8d0c90000 - 0x00007ff8d0ca8000 	C:\WINDOWS\SYSTEM32\CRYPTSP.dll
0x00007ff8d03d0000 - 0x00007ff8d0404000 	C:\WINDOWS\system32\rsaenh.dll
0x00007ff8d1890000 - 0x00007ff8d18b7000 	C:\WINDOWS\System32\bcrypt.dll
0x00007ff8d11b0000 - 0x00007ff8d11de000 	C:\WINDOWS\SYSTEM32\USERENV.dll
0x00007ff8d12c0000 - 0x00007ff8d133f000 	C:\WINDOWS\System32\bcryptprimitives.dll
0x00007ff8d0c80000 - 0x00007ff8d0c8c000 	C:\WINDOWS\SYSTEM32\CRYPTBASE.dll
0x00007ff8d0750000 - 0x00007ff8d078b000 	C:\WINDOWS\SYSTEM32\IPHLPAPI.DLL
0x00007ff8d36d0000 - 0x00007ff8d36d9000 	C:\WINDOWS\System32\NSI.dll
0x00007ff8c61e0000 - 0x00007ff8c61f7000 	C:\WINDOWS\SYSTEM32\dhcpcsvc6.DLL
0x00007ff8c7850000 - 0x00007ff8c786d000 	C:\WINDOWS\SYSTEM32\dhcpcsvc.DLL
0x00007ff8d0790000 - 0x00007ff8d085b000 	C:\WINDOWS\SYSTEM32\DNSAPI.dll

VM Arguments:
jvm_args: -Xmx2048m -Dfile.encoding=windows-1252 -Duser.country=US -Duser.language=en -Duser.variant 
java_command: org.gradle.launcher.daemon.bootstrap.GradleDaemon 6.1.1
java_class_path (initial): C:\Users\Zee\.gradle\wrapper\dists\gradle-6.1.1-all\cfmwm155h49vnt3hynmlrsdst\gradle-6.1.1\lib\gradle-launcher-6.1.1.jar
Launcher Type: SUN_STANDARD

Environment Variables:
PATH=C:\texlive\2015\bin\win32;C:\texlive\2000\bin\win32;C:\Program Files (x86)\Intel\Intel(R) Management Engine Components\iCLS\;C:\Program Files\Intel\Intel(R) Management Engine Components\iCLS\;C:\Windows\system32;C:\Windows;C:\Windows\System32\Wbem;C:\Windows\System32\WindowsPowerShell\v1.0\;C:\Windows\System32\OpenSSH\;C:\Program Files (x86)\Intel\Intel(R) Management Engine Components\DAL;C:\Program Files\Intel\Intel(R) Management Engine Components\DAL;C:\Program Files (x86)\Intel\Intel(R) Management Engine Components\IPT;C:\Program Files\Intel\Intel(R) Management Engine Components\IPT;C:\Program Files (x86)\NVIDIA Corporation\PhysX\Common;C:\WINDOWS\system32;C:\WINDOWS;C:\WINDOWS\System32\Wbem;C:\WINDOWS\System32\WindowsPowerShell\v1.0\;C:\WINDOWS\System32\OpenSSH\;C:\Program Files\NVIDIA Corporation\NVIDIA NvDLISR;C:\Work\GIT\Git\cmd;C:\Users\Zee\AppData\Local\Microsoft\WindowsApps;C:\Work\Visual Studio\Microsoft VS Code\bin;C:\xampp\php;C:\Work\XAMPP\php;C:\Users\Zee\composer;C:\Users\Zee\AppData\Roaming\Composer\vendor\bin
USERNAME=Zee
OS=Windows_NT
PROCESSOR_IDENTIFIER=Intel64 Family 6 Model 158 Stepping 10, GenuineIntel



---------------  S Y S T E M  ---------------

OS: Windows 10.0 , 64 bit Build 19041 (10.0.19041.546)

CPU:total 12 (initial active 12) (6 cores per cpu, 2 threads per core) family 6 model 158 stepping 10, cmov, cx8, fxsr, mmx, sse, sse2, sse3, ssse3, sse4.1, sse4.2, popcnt, avx, avx2, aes, clmul, erms, 3dnowpref, lzcnt, ht, tsc, tscinvbit, bmi1, bmi2, adx

Memory: 4k page, physical 8225140k(304304k free), swap 33390964k(3868k free)

vm_info: OpenJDK 64-Bit Server VM (25.242-b01) for windows-amd64 JRE (1.8.0_242-release-1644-b01), built by "builder" with MS VC++ 10.0 (VS2010)

time: Mon Oct 19 10:42:08 2020
timezone: SE Asia Standard Time
elapsed time: 3 seconds (0d 0h 0m 3s)

