#
# There is insufficient memory for the Java Runtime Environment to continue.
# Native memory allocation (malloc) failed to allocate 32744 bytes for ChunkPool::allocate
# Possible reasons:
#   The system is out of physical RAM or swap space
#   The process is running with CompressedOops enabled, and the Java Heap may be blocking the growth of the native heap
# Possible solutions:
#   Reduce memory load on the system
#   Increase physical memory or swap space
#   Check if swap backing store is full
#   Decrease Java heap size (-Xmx/-Xms)
#   Decrease number of Java threads
#   Decrease Java thread stack sizes (-Xss)
#   Set larger code cache with -XX:ReservedCodeCacheSize=
#   JVM is running with Unscaled Compressed Oops mode in which the Java heap is
#     placed in the first 4GB address space. The Java Heap base address is the
#     maximum limit for the native heap growth. Please use -XX:HeapBaseMinAddress
#     to set the Java Heap base and to place the Java Heap above 4GB virtual address.
# This output file may be truncated or incomplete.
#
#  Out of Memory Error (allocation.cpp:272), pid=15568, tid=0x00000000000057f8
#
# JRE version: OpenJDK Runtime Environment (8.0_242-b01) (build 1.8.0_242-release-1644-b01)
# Java VM: OpenJDK 64-Bit Server VM (25.242-b01 mixed mode windows-amd64 compressed oops)
# Failed to write core dump. Minidumps are not enabled by default on client versions of Windows
#

---------------  T H R E A D  ---------------

Current thread (0x000000001965c800):  JavaThread "C2 CompilerThread2" daemon [_thread_in_native, id=22520, stack(0x000000001aea0000,0x000000001afa0000)]

Stack: [0x000000001aea0000,0x000000001afa0000]
[error occurred during error reporting (printing stack bounds), id 0xc0000005]

Native frames: (J=compiled Java code, j=interpreted, Vv=VM code, C=native code)


Current CompileTask:
C2:   3488 1500       4       java.lang.Object::equals (11 bytes)


---------------  P R O C E S S  ---------------

Java Threads: ( => current thread )
  0x000000001d13d000 JavaThread "Cache worker for file hash cache (C:\Users\Zee\.gradle\caches\6.1.1\fileHashes)" [_thread_blocked, id=25548, stack(0x000000001f0c0000,0x000000001f1c0000)]
  0x000000001cd4d800 JavaThread "File lock request listener" [_thread_in_native, id=424, stack(0x000000001efc0000,0x000000001f0c0000)]
  0x000000001ce21000 JavaThread "Cache worker for journal cache (C:\Users\Zee\.gradle\caches\journal-1)" [_thread_blocked, id=5724, stack(0x000000001eec0000,0x000000001efc0000)]
  0x000000001cce7800 JavaThread "Thread-9" [_thread_blocked, id=20056, stack(0x000000001ebc0000,0x000000001ecc0000)]
  0x000000001cd0d000 JavaThread "Stdin handler" [_thread_blocked, id=22344, stack(0x000000001eac0000,0x000000001ebc0000)]
  0x000000001cce5000 JavaThread "Asynchronous log dispatcher for DefaultDaemonConnection: socket connection from /127.0.0.1:49862 to /127.0.0.1:49868" [_thread_blocked, id=23088, stack(0x000000001e9c0000,0x000000001eac0000)]
  0x000000001cd10000 JavaThread "Daemon worker" [_thread_in_Java, id=24068, stack(0x000000001e8c0000,0x000000001e9c0000)]
  0x000000001cd0f000 JavaThread "Cancel handler" [_thread_blocked, id=24076, stack(0x000000001e7c0000,0x000000001e8c0000)]
  0x000000001ccc9000 JavaThread "Handler for socket connection from /127.0.0.1:49862 to /127.0.0.1:49868" [_thread_in_native, id=23200, stack(0x000000001e4c0000,0x000000001e5c0000)]
  0x000000001ccbe800 JavaThread "Daemon" [_thread_blocked, id=3264, stack(0x000000001e3c0000,0x000000001e4c0000)]
  0x000000001cca2800 JavaThread "Daemon periodic checks" [_thread_blocked, id=21832, stack(0x000000001e2c0000,0x000000001e3c0000)]
  0x000000001cc55800 JavaThread "Incoming local TCP Connector on port 49862" [_thread_in_native, id=1708, stack(0x000000001e080000,0x000000001e180000)]
  0x000000001975f000 JavaThread "Daemon health stats" [_thread_blocked, id=6028, stack(0x000000001da40000,0x000000001db40000)]
  0x00000000196a2000 JavaThread "Service Thread" daemon [_thread_blocked, id=24784, stack(0x000000001b0a0000,0x000000001b1a0000)]
  0x000000001965d000 JavaThread "C1 CompilerThread3" daemon [_thread_in_vm, id=10328, stack(0x000000001afa0000,0x000000001b0a0000)]
=>0x000000001965c800 JavaThread "C2 CompilerThread2" daemon [_thread_in_native, id=22520, stack(0x000000001aea0000,0x000000001afa0000)]
  0x0000000019658800 JavaThread "C2 CompilerThread1" daemon [_thread_in_native, id=15640, stack(0x000000001ada0000,0x000000001aea0000)]
  0x000000001964a000 JavaThread "C2 CompilerThread0" daemon [_thread_in_native, id=12512, stack(0x000000001aca0000,0x000000001ada0000)]
  0x0000000019641800 JavaThread "Attach Listener" daemon [_thread_blocked, id=24132, stack(0x000000001aba0000,0x000000001aca0000)]
  0x0000000019640000 JavaThread "Signal Dispatcher" daemon [_thread_blocked, id=6692, stack(0x000000001aaa0000,0x000000001aba0000)]
  0x0000000002cba000 JavaThread "Finalizer" daemon [_thread_blocked, id=23836, stack(0x000000001a8a0000,0x000000001a9a0000)]
  0x0000000017f2c800 JavaThread "Reference Handler" daemon [_thread_blocked, id=23524, stack(0x000000001a7a0000,0x000000001a8a0000)]
  0x0000000002bbd800 JavaThread "main" [_thread_blocked, id=23644, stack(0x00000000029f0000,0x0000000002af0000)]

Other Threads:
  0x0000000017f25800 VMThread [stack: 0x000000001a6a0000,0x000000001a7a0000] [id=17824]
  0x00000000196a4000 WatcherThread [stack: 0x000000001b1a0000,0x000000001b2a0000] [id=24688]

VM state:not at safepoint (normal execution)

VM Mutex/Monitor currently owned by a thread: None

heap address: 0x0000000080000000, size: 2048 MB, Compressed Oops mode: 32-bit
Narrow klass base: 0x0000000000000000, Narrow klass shift: 3
Compressed class space size: 1073741824 Address: 0x0000000100000000

Heap:
 PSYoungGen      total 70656K, used 22608K [0x00000000d5580000, 0x00000000d9f80000, 0x0000000100000000)
  eden space 65536K, 26% used [0x00000000d5580000,0x00000000d6694128,0x00000000d9580000)
  from space 5120K, 100% used [0x00000000d9580000,0x00000000d9a80000,0x00000000d9a80000)
  to   space 5120K, 0% used [0x00000000d9a80000,0x00000000d9a80000,0x00000000d9f80000)
 ParOldGen       total 86016K, used 4285K [0x0000000080000000, 0x0000000085400000, 0x00000000d5580000)
  object space 86016K, 4% used [0x0000000080000000,0x000000008042f510,0x0000000085400000)
 Metaspace       used 15767K, capacity 16182K, committed 16512K, reserved 1062912K
  class space    used 2143K, capacity 2319K, committed 2432K, reserved 1048576K

Card table byte_map: [0x0000000012080000,0x0000000012490000] byte_map_base: 0x0000000011c80000

Marking Bits: (ParMarkBitMap*) 0x0000000075b0f030
 Begin Bits: [0x0000000013140000, 0x0000000015140000)
 End Bits:   [0x0000000015140000, 0x0000000017140000)

Polling page: 0x0000000000b30000

CodeCache: size=245760Kb used=5291Kb max_used=5291Kb free=240468Kb
 bounds [0x0000000002cc0000, 0x00000000031f0000, 0x0000000011cc0000]
 total_blobs=1888 nmethods=1495 adapters=306
 compilation: enabled

Compilation events (10 events):
Event: 3.467 Thread 0x000000001964a000 1494   !   4       java.net.URLClassLoader$1::run (63 bytes)
Event: 3.472 Thread 0x000000001965d000 1495       3       java.io.WinNTFileSystem::parentOrNull (171 bytes)
Event: 3.473 Thread 0x000000001965d000 nmethod 1495 0x00000000031eaf50 code [0x00000000031eb180, 0x00000000031ebef8]
Event: 3.473 Thread 0x000000001965d000 1496       3       java.lang.invoke.DirectMethodHandle::internalMemberName (8 bytes)
Event: 3.473 Thread 0x000000001965d000 nmethod 1496 0x00000000031ec410 code [0x00000000031ec580, 0x00000000031ec7b0]
Event: 3.477 Thread 0x000000001965d000 1498       3       java.lang.reflect.Modifier::isPrivate (12 bytes)
Event: 3.477 Thread 0x000000001965d000 nmethod 1498 0x00000000031ec850 code [0x00000000031ec9a0, 0x00000000031ecb30]
Event: 3.483 Thread 0x000000001965d000 1499       3       java.lang.Package::<init> (56 bytes)
Event: 3.483 Thread 0x000000001965d000 nmethod 1499 0x00000000031ecb90 code [0x00000000031ecce0, 0x00000000031ecf50]
Event: 3.486 Thread 0x000000001965c800 1500       4       java.lang.Object::equals (11 bytes)

GC Heap History (6 events):
Event: 1.119 GC heap before
{Heap before GC invocations=1 (full 0):
 PSYoungGen      total 37888K, used 32768K [0x00000000d5580000, 0x00000000d7f80000, 0x0000000100000000)
  eden space 32768K, 100% used [0x00000000d5580000,0x00000000d7580000,0x00000000d7580000)
  from space 5120K, 0% used [0x00000000d7a80000,0x00000000d7a80000,0x00000000d7f80000)
  to   space 5120K, 0% used [0x00000000d7580000,0x00000000d7580000,0x00000000d7a80000)
 ParOldGen       total 86016K, used 0K [0x0000000080000000, 0x0000000085400000, 0x00000000d5580000)
  object space 86016K, 0% used [0x0000000080000000,0x0000000080000000,0x0000000085400000)
 Metaspace       used 7184K, capacity 7368K, committed 7424K, reserved 1056768K
  class space    used 883K, capacity 968K, committed 1024K, reserved 1048576K
Event: 1.132 GC heap after
Heap after GC invocations=1 (full 0):
 PSYoungGen      total 37888K, used 4358K [0x00000000d5580000, 0x00000000d9f80000, 0x0000000100000000)
  eden space 32768K, 0% used [0x00000000d5580000,0x00000000d5580000,0x00000000d7580000)
  from space 5120K, 85% used [0x00000000d7580000,0x00000000d79c1a48,0x00000000d7a80000)
  to   space 5120K, 0% used [0x00000000d9a80000,0x00000000d9a80000,0x00000000d9f80000)
 ParOldGen       total 86016K, used 8K [0x0000000080000000, 0x0000000085400000, 0x00000000d5580000)
  object space 86016K, 0% used [0x0000000080000000,0x0000000080002000,0x0000000085400000)
 Metaspace       used 7184K, capacity 7368K, committed 7424K, reserved 1056768K
  class space    used 883K, capacity 968K, committed 1024K, reserved 1048576K
}
Event: 1.487 GC heap before
{Heap before GC invocations=2 (full 0):
 PSYoungGen      total 37888K, used 37126K [0x00000000d5580000, 0x00000000d9f80000, 0x0000000100000000)
  eden space 32768K, 100% used [0x00000000d5580000,0x00000000d7580000,0x00000000d7580000)
  from space 5120K, 85% used [0x00000000d7580000,0x00000000d79c1a48,0x00000000d7a80000)
  to   space 5120K, 0% used [0x00000000d9a80000,0x00000000d9a80000,0x00000000d9f80000)
 ParOldGen       total 86016K, used 8K [0x0000000080000000, 0x0000000085400000, 0x00000000d5580000)
  object space 86016K, 0% used [0x0000000080000000,0x0000000080002000,0x0000000085400000)
 Metaspace       used 7418K, capacity 7680K, committed 7936K, reserved 1056768K
  class space    used 910K, capacity 1008K, committed 1024K, reserved 1048576K
Event: 1.491 GC heap after
Heap after GC invocations=2 (full 0):
 PSYoungGen      total 70656K, used 3345K [0x00000000d5580000, 0x00000000d9f80000, 0x0000000100000000)
  eden space 65536K, 0% used [0x00000000d5580000,0x00000000d5580000,0x00000000d9580000)
  from space 5120K, 65% used [0x00000000d9a80000,0x00000000d9dc4568,0x00000000d9f80000)
  to   space 5120K, 0% used [0x00000000d9580000,0x00000000d9580000,0x00000000d9a80000)
 ParOldGen       total 86016K, used 16K [0x0000000080000000, 0x0000000085400000, 0x00000000d5580000)
  object space 86016K, 0% used [0x0000000080000000,0x0000000080004000,0x0000000085400000)
 Metaspace       used 7418K, capacity 7680K, committed 7936K, reserved 1056768K
  class space    used 910K, capacity 1008K, committed 1024K, reserved 1048576K
}
Event: 3.381 GC heap before
{Heap before GC invocations=3 (full 0):
 PSYoungGen      total 70656K, used 68881K [0x00000000d5580000, 0x00000000d9f80000, 0x0000000100000000)
  eden space 65536K, 100% used [0x00000000d5580000,0x00000000d9580000,0x00000000d9580000)
  from space 5120K, 65% used [0x00000000d9a80000,0x00000000d9dc4568,0x00000000d9f80000)
  to   space 5120K, 0% used [0x00000000d9580000,0x00000000d9580000,0x00000000d9a80000)
 ParOldGen       total 86016K, used 16K [0x0000000080000000, 0x0000000085400000, 0x00000000d5580000)
  object space 86016K, 0% used [0x0000000080000000,0x0000000080004000,0x0000000085400000)
 Metaspace       used 15018K, capacity 15504K, committed 15744K, reserved 1062912K
  class space    used 1991K, capacity 2156K, committed 2176K, reserved 1048576K
Event: 3.390 GC heap after
Heap after GC invocations=3 (full 0):
 PSYoungGen      total 70656K, used 5120K [0x00000000d5580000, 0x00000000d9f80000, 0x0000000100000000)
  eden space 65536K, 0% used [0x00000000d5580000,0x00000000d5580000,0x00000000d9580000)
  from space 5120K, 100% used [0x00000000d9580000,0x00000000d9a80000,0x00000000d9a80000)
  to   space 5120K, 0% used [0x00000000d9a80000,0x00000000d9a80000,0x00000000d9f80000)
 ParOldGen       total 86016K, used 4285K [0x0000000080000000, 0x0000000085400000, 0x00000000d5580000)
  object space 86016K, 4% used [0x0000000080000000,0x000000008042f510,0x0000000085400000)
 Metaspace       used 15018K, capacity 15504K, committed 15744K, reserved 1062912K
  class space    used 1991K, capacity 2156K, committed 2176K, reserved 1048576K
}

Deoptimization events (10 events):
Event: 3.031 Thread 0x000000001ccc9000 Uncommon trap: reason=unstable_if action=reinterpret pc=0x00000000030c5128 method=java.util.concurrent.ConcurrentHashMap.putVal(Ljava/lang/Object;Ljava/lang/Object;Z)Ljava/lang/Object; @ 206
Event: 3.048 Thread 0x000000001ccc9000 Uncommon trap: reason=unstable_if action=reinterpret pc=0x0000000002fef89c method=java.lang.String.substring(I)Ljava/lang/String; @ 35
Event: 3.092 Thread 0x000000001cd10000 Uncommon trap: reason=bimorphic action=maybe_recompile pc=0x0000000002f8e3e4 method=java.util.HashMap.putVal(ILjava/lang/Object;Ljava/lang/Object;ZZ)Ljava/lang/Object; @ 253
Event: 3.092 Thread 0x000000001cd10000 Uncommon trap: reason=bimorphic action=maybe_recompile pc=0x0000000002f8e3e4 method=java.util.HashMap.putVal(ILjava/lang/Object;Ljava/lang/Object;ZZ)Ljava/lang/Object; @ 253
Event: 3.092 Thread 0x000000001cd10000 Uncommon trap: reason=bimorphic action=maybe_recompile pc=0x0000000002f8e3e4 method=java.util.HashMap.putVal(ILjava/lang/Object;Ljava/lang/Object;ZZ)Ljava/lang/Object; @ 253
Event: 3.092 Thread 0x000000001cd10000 Uncommon trap: reason=bimorphic action=maybe_recompile pc=0x0000000002f8e3e4 method=java.util.HashMap.putVal(ILjava/lang/Object;Ljava/lang/Object;ZZ)Ljava/lang/Object; @ 253
Event: 3.283 Thread 0x000000001cd10000 Uncommon trap: reason=class_check action=maybe_recompile pc=0x0000000002ff8598 method=java.util.regex.Matcher.match(II)Z @ 86
Event: 3.284 Thread 0x000000001cd10000 Uncommon trap: reason=class_check action=maybe_recompile pc=0x0000000002ff8598 method=java.util.regex.Matcher.match(II)Z @ 86
Event: 3.284 Thread 0x000000001cd10000 Uncommon trap: reason=class_check action=maybe_recompile pc=0x0000000002ff8598 method=java.util.regex.Matcher.match(II)Z @ 86
Event: 3.284 Thread 0x000000001cd10000 Uncommon trap: reason=class_check action=maybe_recompile pc=0x0000000002e781dc method=java.util.regex.Matcher.match(II)Z @ 86

Classes redefined (0 events):
No events

Internal exceptions (10 events):
Event: 3.035 Thread 0x000000001ccc9000 Exception <a 'java/lang/NoSuchMethodError': <clinit>> (0x00000000d7329ea0) thrown at [C:\src\AOSP-openjdk-git\hotspot\src\share\vm\prims\jni.cpp, line 1615]
Event: 3.038 Thread 0x000000001ccc9000 Exception <a 'java/lang/NoSuchMethodError': <clinit>> (0x00000000d733c878) thrown at [C:\src\AOSP-openjdk-git\hotspot\src\share\vm\prims\jni.cpp, line 1615]
Event: 3.041 Thread 0x000000001ccc9000 Exception <a 'java/lang/NoSuchMethodError': <clinit>> (0x00000000d7363580) thrown at [C:\src\AOSP-openjdk-git\hotspot\src\share\vm\prims\jni.cpp, line 1615]
Event: 3.043 Thread 0x000000001ccc9000 Exception <a 'java/lang/NoSuchMethodError': <clinit>> (0x00000000d737b170) thrown at [C:\src\AOSP-openjdk-git\hotspot\src\share\vm\prims\jni.cpp, line 1615]
Event: 3.043 Thread 0x000000001ccc9000 Exception <a 'java/lang/NoSuchMethodError': <clinit>> (0x00000000d7383d10) thrown at [C:\src\AOSP-openjdk-git\hotspot\src\share\vm\prims\jni.cpp, line 1615]
Event: 3.045 Thread 0x000000001ccc9000 Exception <a 'java/lang/NoSuchMethodError': <clinit>> (0x00000000d739a110) thrown at [C:\src\AOSP-openjdk-git\hotspot\src\share\vm\prims\jni.cpp, line 1615]
Event: 3.054 Thread 0x000000001ccc9000 Exception <a 'java/lang/NoSuchMethodError': <clinit>> (0x00000000d73fe370) thrown at [C:\src\AOSP-openjdk-git\hotspot\src\share\vm\prims\jni.cpp, line 1615]
Event: 3.058 Thread 0x000000001ccc9000 Exception <a 'java/lang/NoSuchMethodError': <clinit>> (0x00000000d742aa08) thrown at [C:\src\AOSP-openjdk-git\hotspot\src\share\vm\prims\jni.cpp, line 1615]
Event: 3.062 Thread 0x000000001ccc9000 Exception <a 'java/lang/NoSuchMethodError': <clinit>> (0x00000000d74593f0) thrown at [C:\src\AOSP-openjdk-git\hotspot\src\share\vm\prims\jni.cpp, line 1615]
Event: 3.063 Thread 0x000000001ccc9000 Exception <a 'java/lang/NoSuchMethodError': <clinit>> (0x00000000d74643c0) thrown at [C:\src\AOSP-openjdk-git\hotspot\src\share\vm\prims\jni.cpp, line 1615]

Events (10 events):
Event: 3.484 loading class org/gradle/instantexecution/serialization/ScopeLookup
Event: 3.484 loading class org/gradle/instantexecution/serialization/ScopeLookup done
Event: 3.485 loading class org/gradle/instantexecution/InstantExecutionBuildScopeListenerManagerAction
Event: 3.485 loading class org/gradle/instantexecution/InstantExecutionBuildScopeListenerManagerAction done
Event: 3.486 loading class org/gradle/initialization/DefaultGradleLauncherFactory$NestedBuildFactoryImpl
Event: 3.486 loading class org/gradle/initialization/DefaultGradleLauncherFactory$NestedBuildFactoryImpl done
Event: 3.486 loading class org/gradle/initialization/NestedBuildFactory
Event: 3.486 loading class org/gradle/initialization/NestedBuildFactory done
Event: 3.486 loading class org/gradle/profile/BuildProfileServices$1$1
Event: 3.486 loading class org/gradle/profile/BuildProfileServices$1$1 done


Dynamic libraries:
0x00007ff6829f0000 - 0x00007ff682a21000 	C:\Work\Android Studio\jre\bin\java.exe
0x00007ff8d3b70000 - 0x00007ff8d3d66000 	C:\WINDOWS\SYSTEM32\ntdll.dll
0x00007ff8d3610000 - 0x00007ff8d36cd000 	C:\WINDOWS\System32\KERNEL32.DLL
0x00007ff8d13a0000 - 0x00007ff8d1668000 	C:\WINDOWS\System32\KERNELBASE.dll
0x00007ff8d1df0000 - 0x00007ff8d1e9a000 	C:\WINDOWS\System32\ADVAPI32.dll
0x00007ff8d3570000 - 0x00007ff8d360e000 	C:\WINDOWS\System32\msvcrt.dll
0x00007ff8d1bf0000 - 0x00007ff8d1c8b000 	C:\WINDOWS\System32\sechost.dll
0x00007ff8d3190000 - 0x00007ff8d32b4000 	C:\WINDOWS\System32\RPCRT4.dll
0x00007ff8d1f00000 - 0x00007ff8d20a0000 	C:\WINDOWS\System32\USER32.dll
0x00007ff8d1810000 - 0x00007ff8d1832000 	C:\WINDOWS\System32\win32u.dll
0x00007ff8d32c0000 - 0x00007ff8d32ea000 	C:\WINDOWS\System32\GDI32.dll
0x00007ff8d1ad0000 - 0x00007ff8d1bd9000 	C:\WINDOWS\System32\gdi32full.dll
0x00007ff8d1670000 - 0x00007ff8d170d000 	C:\WINDOWS\System32\msvcp_win.dll
0x00007ff8d1710000 - 0x00007ff8d1810000 	C:\WINDOWS\System32\ucrtbase.dll
0x00007ff8bcf80000 - 0x00007ff8bd21b000 	C:\WINDOWS\WinSxS\amd64_microsoft.windows.common-controls_6595b64144ccf1df_6.0.19041.488_none_ca04af081b815d21\COMCTL32.dll
0x00007ff8d3420000 - 0x00007ff8d3450000 	C:\WINDOWS\System32\IMM32.DLL
0x00000000747f0000 - 0x00000000748c2000 	C:\Work\Android Studio\jre\jre\bin\msvcr100.dll
0x0000000075340000 - 0x0000000075b8b000 	C:\Work\Android Studio\jre\jre\bin\server\jvm.dll
0x00007ff8d1be0000 - 0x00007ff8d1be8000 	C:\WINDOWS\System32\PSAPI.DLL
0x00007ff8c9e40000 - 0x00007ff8c9e4a000 	C:\WINDOWS\SYSTEM32\VERSION.dll
0x00007ff8bf160000 - 0x00007ff8bf187000 	C:\WINDOWS\SYSTEM32\WINMM.dll
0x00007ff8cc1d0000 - 0x00007ff8cc1d9000 	C:\WINDOWS\SYSTEM32\WSOCK32.dll
0x00007ff8d33b0000 - 0x00007ff8d341b000 	C:\WINDOWS\System32\WS2_32.dll
0x00007ff8be950000 - 0x00007ff8be95f000 	C:\Work\Android Studio\jre\jre\bin\verify.dll
0x00007ff8be7f0000 - 0x00007ff8be819000 	C:\Work\Android Studio\jre\jre\bin\java.dll
0x00007ff8be6c0000 - 0x00007ff8be6d6000 	C:\Work\Android Studio\jre\jre\bin\zip.dll
0x00007ff8d20a0000 - 0x00007ff8d27e0000 	C:\WINDOWS\System32\SHELL32.dll
0x00007ff8cf410000 - 0x00007ff8cfba4000 	C:\WINDOWS\SYSTEM32\windows.storage.dll
0x00007ff8d2840000 - 0x00007ff8d2b95000 	C:\WINDOWS\System32\combase.dll
0x00007ff8d0d30000 - 0x00007ff8d0d5c000 	C:\WINDOWS\SYSTEM32\Wldp.dll
0x00007ff8d30e0000 - 0x00007ff8d318e000 	C:\WINDOWS\System32\SHCORE.dll
0x00007ff8d27e0000 - 0x00007ff8d2835000 	C:\WINDOWS\System32\shlwapi.dll
0x00007ff8d11f0000 - 0x00007ff8d1216000 	C:\WINDOWS\SYSTEM32\profapi.dll
0x00007ff8be6a0000 - 0x00007ff8be6ba000 	C:\Work\Android Studio\jre\jre\bin\net.dll
0x00007ff8d0ab0000 - 0x00007ff8d0b1a000 	C:\WINDOWS\system32\mswsock.dll
0x00007ff8be680000 - 0x00007ff8be693000 	C:\Work\Android Studio\jre\jre\bin\nio.dll
0x00007ff8aa110000 - 0x00007ff8aa136000 	C:\Users\Zee\.gradle\native\31\windows-amd64\native-platform.dll
0x00007ff8be5a0000 - 0x00007ff8be5ad000 	C:\Work\Android Studio\jre\jre\bin\management.dll
0x00007ff8d0c90000 - 0x00007ff8d0ca8000 	C:\WINDOWS\SYSTEM32\CRYPTSP.dll
0x00007ff8d03d0000 - 0x00007ff8d0404000 	C:\WINDOWS\system32\rsaenh.dll
0x00007ff8d1890000 - 0x00007ff8d18b7000 	C:\WINDOWS\System32\bcrypt.dll
0x00007ff8d11b0000 - 0x00007ff8d11de000 	C:\WINDOWS\SYSTEM32\USERENV.dll
0x00007ff8d12c0000 - 0x00007ff8d133f000 	C:\WINDOWS\System32\bcryptprimitives.dll
0x00007ff8d0c80000 - 0x00007ff8d0c8c000 	C:\WINDOWS\SYSTEM32\CRYPTBASE.dll
0x00007ff8d0750000 - 0x00007ff8d078b000 	C:\WINDOWS\SYSTEM32\IPHLPAPI.DLL
0x00007ff8d36d0000 - 0x00007ff8d36d9000 	C:\WINDOWS\System32\NSI.dll
0x00007ff8c61e0000 - 0x00007ff8c61f7000 	C:\WINDOWS\SYSTEM32\dhcpcsvc6.DLL
0x00007ff8c7850000 - 0x00007ff8c786d000 	C:\WINDOWS\SYSTEM32\dhcpcsvc.DLL
0x00007ff8d0790000 - 0x00007ff8d085b000 	C:\WINDOWS\SYSTEM32\DNSAPI.dll

VM Arguments:
jvm_args: -Xmx2048m -Dfile.encoding=windows-1252 -Duser.country=US -Duser.language=en -Duser.variant 
java_command: org.gradle.launcher.daemon.bootstrap.GradleDaemon 6.1.1
java_class_path (initial): C:\Users\Zee\.gradle\wrapper\dists\gradle-6.1.1-all\cfmwm155h49vnt3hynmlrsdst\gradle-6.1.1\lib\gradle-launcher-6.1.1.jar
Launcher Type: SUN_STANDARD

Environment Variables:
PATH=C:\texlive\2015\bin\win32;C:\texlive\2000\bin\win32;C:\Program Files (x86)\Intel\Intel(R) Management Engine Components\iCLS\;C:\Program Files\Intel\Intel(R) Management Engine Components\iCLS\;C:\Windows\system32;C:\Windows;C:\Windows\System32\Wbem;C:\Windows\System32\WindowsPowerShell\v1.0\;C:\Windows\System32\OpenSSH\;C:\Program Files (x86)\Intel\Intel(R) Management Engine Components\DAL;C:\Program Files\Intel\Intel(R) Management Engine Components\DAL;C:\Program Files (x86)\Intel\Intel(R) Management Engine Components\IPT;C:\Program Files\Intel\Intel(R) Management Engine Components\IPT;C:\Program Files (x86)\NVIDIA Corporation\PhysX\Common;C:\WINDOWS\system32;C:\WINDOWS;C:\WINDOWS\System32\Wbem;C:\WINDOWS\System32\WindowsPowerShell\v1.0\;C:\WINDOWS\System32\OpenSSH\;C:\Program Files\NVIDIA Corporation\NVIDIA NvDLISR;C:\Work\GIT\Git\cmd;C:\Users\Zee\AppData\Local\Microsoft\WindowsApps;C:\Work\Visual Studio\Microsoft VS Code\bin;C:\xampp\php;C:\Work\XAMPP\php;C:\Users\Zee\composer;C:\Users\Zee\AppData\Roaming\Composer\vendor\bin
USERNAME=Zee
OS=Windows_NT
PROCESSOR_IDENTIFIER=Intel64 Family 6 Model 158 Stepping 10, GenuineIntel



---------------  S Y S T E M  ---------------

OS: Windows 10.0 , 64 bit Build 19041 (10.0.19041.546)

CPU:total 12 (initial active 12) (6 cores per cpu, 2 threads per core) family 6 model 158 stepping 10, cmov, cx8, fxsr, mmx, sse, sse2, sse3, ssse3, sse4.1, sse4.2, popcnt, avx, avx2, aes, clmul, erms, 3dnowpref, lzcnt, ht, tsc, tscinvbit, bmi1, bmi2, adx

Memory: 4k page, physical 8225140k(305664k free), swap 33390964k(2860k free)

vm_info: OpenJDK 64-Bit Server VM (25.242-b01) for windows-amd64 JRE (1.8.0_242-release-1644-b01), built by "builder" with MS VC++ 10.0 (VS2010)

time: Mon Oct 19 10:42:08 2020
timezone: SE Asia Standard Time
elapsed time: 3 seconds (0d 0h 0m 3s)

