#
# There is insufficient memory for the Java Runtime Environment to continue.
# Native memory allocation (malloc) failed to allocate 32744 bytes for ChunkPool::allocate
# Possible reasons:
#   The system is out of physical RAM or swap space
#   The process is running with CompressedOops enabled, and the Java Heap may be blocking the growth of the native heap
# Possible solutions:
#   Reduce memory load on the system
#   Increase physical memory or swap space
#   Check if swap backing store is full
#   Decrease Java heap size (-Xmx/-Xms)
#   Decrease number of Java threads
#   Decrease Java thread stack sizes (-Xss)
#   Set larger code cache with -XX:ReservedCodeCacheSize=
#   JVM is running with Unscaled Compressed Oops mode in which the Java heap is
#     placed in the first 4GB address space. The Java Heap base address is the
#     maximum limit for the native heap growth. Please use -XX:HeapBaseMinAddress
#     to set the Java Heap base and to place the Java Heap above 4GB virtual address.
# This output file may be truncated or incomplete.
#
#  Out of Memory Error (allocation.cpp:272), pid=8156, tid=0x0000000000002048
#
# JRE version: OpenJDK Runtime Environment (8.0_242-b01) (build 1.8.0_242-release-1644-b01)
# Java VM: OpenJDK 64-Bit Server VM (25.242-b01 mixed mode windows-amd64 compressed oops)
# Failed to write core dump. Minidumps are not enabled by default on client versions of Windows
#

---------------  T H R E A D  ---------------

Current thread (0x0000000018e11800):  JavaThread "C2 CompilerThread2" daemon [_thread_in_native, id=8264, stack(0x000000001a650000,0x000000001a750000)]

Stack: [0x000000001a650000,0x000000001a750000]
[error occurred during error reporting (printing stack bounds), id 0xc0000005]

Native frames: (J=compiled Java code, j=interpreted, Vv=VM code, C=native code)


Current CompileTask:
C2:   8195 4769   !   4       com.sun.beans.TypeResolver::resolve (274 bytes)


---------------  P R O C E S S  ---------------

Java Threads: ( => current thread )
  0x000000001f330800 JavaThread "Cache worker for Build Output Cleanup Cache (C:\Work\MyFirebaseApps\.gradle\buildOutputCleanup)" [_thread_blocked, id=18452, stack(0x0000000025510000,0x0000000025610000)]
  0x000000001f32f800 JavaThread "Build operations Thread 12" [_thread_blocked, id=23516, stack(0x0000000024e10000,0x0000000024f10000)]
  0x000000001f329000 JavaThread "Build operations Thread 11" [_thread_blocked, id=23600, stack(0x0000000024d10000,0x0000000024e10000)]
  0x000000001f32f000 JavaThread "Build operations Thread 10" [_thread_blocked, id=20644, stack(0x0000000024b10000,0x0000000024c10000)]
  0x000000001f328000 JavaThread "Build operations Thread 9" [_thread_blocked, id=14756, stack(0x0000000024a10000,0x0000000024b10000)]
  0x000000001f32e000 JavaThread "Build operations Thread 8" [_thread_blocked, id=24088, stack(0x0000000024910000,0x0000000024a10000)]
  0x000000001f32d800 JavaThread "Build operations Thread 7" [_thread_blocked, id=24480, stack(0x0000000024810000,0x0000000024910000)]
  0x000000001f326000 JavaThread "Build operations Thread 6" [_thread_blocked, id=23740, stack(0x0000000024710000,0x0000000024810000)]
  0x000000001f32c800 JavaThread "Build operations Thread 5" [_thread_blocked, id=22512, stack(0x0000000024610000,0x0000000024710000)]
  0x000000001f325000 JavaThread "Build operations Thread 4" [_thread_blocked, id=22168, stack(0x0000000024510000,0x0000000024610000)]
  0x000000001f327800 JavaThread "Build operations Thread 3" [_thread_blocked, id=15460, stack(0x0000000023f60000,0x0000000024060000)]
  0x000000001f32b000 JavaThread "Build operations Thread 2" [_thread_blocked, id=10008, stack(0x00000000222c0000,0x00000000223c0000)]
  0x000000001f32a800 JavaThread "Build operations" [_thread_blocked, id=23744, stack(0x0000000021fe0000,0x00000000220e0000)]
  0x000000001c63b800 JavaThread "Cache worker for execution history cache (C:\Users\Zee\.gradle\caches\6.1.1\executionHistory)" [_thread_blocked, id=23636, stack(0x0000000021ee0000,0x0000000021fe0000)]
  0x000000001c63a800 JavaThread "Cache worker for cache directory md-rule (C:\Users\Zee\.gradle\caches\6.1.1\md-rule)" [_thread_blocked, id=23720, stack(0x0000000021de0000,0x0000000021ee0000)]
  0x000000001c63f000 JavaThread "Cache worker for cache directory md-supplier (C:\Users\Zee\.gradle\caches\6.1.1\md-supplier)" [_thread_blocked, id=23932, stack(0x0000000021ae0000,0x0000000021be0000)]
  0x000000001c63d000 JavaThread "Cache worker for file hash cache (C:\Work\MyFirebaseApps\.gradle\6.1.1\fileHashes)" [_thread_blocked, id=24540, stack(0x00000000221c0000,0x00000000222c0000)]
  0x000000001c63e800 JavaThread "Cache worker for checksums cache (C:\Work\MyFirebaseApps\.gradle\checksums)" [_thread_blocked, id=22776, stack(0x0000000022400000,0x0000000022500000)]
  0x000000001c640000 JavaThread "Cache worker for file hash cache (C:\Users\Zee\.gradle\caches\6.1.1\fileHashes)" [_thread_blocked, id=15580, stack(0x000000001e870000,0x000000001e970000)]
  0x000000001c63c000 JavaThread "File lock request listener" [_thread_in_native, id=23756, stack(0x000000001e770000,0x000000001e870000)]
  0x000000001b937000 JavaThread "Cache worker for journal cache (C:\Users\Zee\.gradle\caches\journal-1)" [_thread_blocked, id=308, stack(0x000000001e670000,0x000000001e770000)]
  0x000000001c5ef000 JavaThread "Thread-9" [_thread_blocked, id=23680, stack(0x000000001e370000,0x000000001e470000)]
  0x000000001c5ee800 JavaThread "Stdin handler" [_thread_blocked, id=9652, stack(0x000000001e270000,0x000000001e370000)]
  0x000000001c5ec800 JavaThread "Asynchronous log dispatcher for DefaultDaemonConnection: socket connection from /127.0.0.1:49904 to /127.0.0.1:49905" [_thread_blocked, id=24516, stack(0x000000001e170000,0x000000001e270000)]
  0x000000001c609000 JavaThread "Daemon worker" [_thread_in_native, id=3852, stack(0x000000001e070000,0x000000001e170000)]
  0x000000001c5d5800 JavaThread "Cancel handler" [_thread_blocked, id=24528, stack(0x000000001df70000,0x000000001e070000)]
  0x000000001c55f000 JavaThread "Handler for socket connection from /127.0.0.1:49904 to /127.0.0.1:49905" [_thread_in_native, id=14620, stack(0x000000001dc70000,0x000000001dd70000)]
  0x000000001c55a000 JavaThread "Daemon" [_thread_blocked, id=13552, stack(0x000000001db70000,0x000000001dc70000)]
  0x000000001c645000 JavaThread "Daemon periodic checks" [_thread_blocked, id=14088, stack(0x000000001da70000,0x000000001db70000)]
  0x000000001c568800 JavaThread "Incoming local TCP Connector on port 49904" [_thread_in_native, id=15040, stack(0x000000001d830000,0x000000001d930000)]
  0x000000001ab2f000 JavaThread "Daemon health stats" [_thread_blocked, id=21792, stack(0x000000001d1f0000,0x000000001d2f0000)]
  0x0000000018e99800 JavaThread "Service Thread" daemon [_thread_blocked, id=24548, stack(0x000000001a850000,0x000000001a950000)]
  0x0000000018e12000 JavaThread "C1 CompilerThread3" daemon [_thread_blocked, id=23664, stack(0x000000001a750000,0x000000001a850000)]
=>0x0000000018e11800 JavaThread "C2 CompilerThread2" daemon [_thread_in_native, id=8264, stack(0x000000001a650000,0x000000001a750000)]
  0x0000000018e0e800 JavaThread "C2 CompilerThread1" daemon [_thread_in_native, id=15268, stack(0x000000001a550000,0x000000001a650000)]
  0x0000000018e06800 JavaThread "C2 CompilerThread0" daemon [_thread_in_native, id=10632, stack(0x000000001a450000,0x000000001a550000)]
  0x0000000018e01800 JavaThread "Attach Listener" daemon [_thread_blocked, id=6916, stack(0x000000001a350000,0x000000001a450000)]
  0x0000000018e00000 JavaThread "Signal Dispatcher" daemon [_thread_blocked, id=10820, stack(0x000000001a250000,0x000000001a350000)]
  0x000000000248a000 JavaThread "Finalizer" daemon [_thread_blocked, id=24524, stack(0x000000001a050000,0x000000001a150000)]
  0x000000001772c800 JavaThread "Reference Handler" daemon [_thread_blocked, id=24476, stack(0x0000000019f50000,0x000000001a050000)]
  0x000000000053d800 JavaThread "main" [_thread_blocked, id=15560, stack(0x0000000002290000,0x0000000002390000)]

Other Threads:
  0x0000000017725800 VMThread [stack: 0x0000000019e50000,0x0000000019f50000] [id=10628]
  0x0000000018e9b800 WatcherThread [stack: 0x000000001a950000,0x000000001aa50000] [id=11224]

VM state:not at safepoint (normal execution)

VM Mutex/Monitor currently owned by a thread: None

heap address: 0x0000000080000000, size: 2048 MB, Compressed Oops mode: 32-bit
Narrow klass base: 0x0000000000000000, Narrow klass shift: 3
Compressed class space size: 1073741824 Address: 0x0000000100000000

Heap:
 PSYoungGen      total 178176K, used 177368K [0x00000000d5580000, 0x00000000e1600000, 0x0000000100000000)
  eden space 164352K, 99% used [0x00000000d5580000,0x00000000df53d470,0x00000000df600000)
  from space 13824K, 99% used [0x00000000e0800000,0x00000000e1578c28,0x00000000e1580000)
  to   space 16384K, 0% used [0x00000000df600000,0x00000000df600000,0x00000000e0600000)
 ParOldGen       total 80896K, used 21042K [0x0000000080000000, 0x0000000084f00000, 0x00000000d5580000)
  object space 80896K, 26% used [0x0000000080000000,0x000000008148cae0,0x0000000084f00000)
 Metaspace       used 56319K, capacity 58394K, committed 58664K, reserved 1099776K
  class space    used 7719K, capacity 8160K, committed 8240K, reserved 1048576K

Card table byte_map: [0x0000000011850000,0x0000000011c60000] byte_map_base: 0x0000000011450000

Marking Bits: (ParMarkBitMap*) 0x0000000075b0f030
 Begin Bits: [0x0000000012910000, 0x0000000014910000)
 End Bits:   [0x0000000014910000, 0x0000000016910000)

Polling page: 0x0000000000540000

CodeCache: size=245760Kb used=16950Kb max_used=16950Kb free=228810Kb
 bounds [0x0000000002490000, 0x0000000003530000, 0x0000000011490000]
 total_blobs=5603 nmethods=4829 adapters=687
 compilation: enabled

Compilation events (10 events):
Event: 8.116 Thread 0x0000000018e12000 nmethod 5227 0x00000000035204d0 code [0x0000000003520640, 0x0000000003520a68]
Event: 8.116 Thread 0x0000000018e12000 5228       3       java.util.logging.LogManager::access$100 (4 bytes)
Event: 8.116 Thread 0x0000000018e12000 nmethod 5228 0x0000000003520b50 code [0x0000000003520ca0, 0x0000000003520dd0]
Event: 8.118 Thread 0x0000000018e12000 5229       3       sun.net.www.protocol.jar.JarURLConnection::getUseCaches (8 bytes)
Event: 8.119 Thread 0x0000000018e12000 nmethod 5229 0x0000000003520e50 code [0x0000000003520fc0, 0x00000000035211e8]
Event: 8.137 Thread 0x0000000018e12000 5230   !   3       java.lang.Class::desiredAssertionStatus (54 bytes)
Event: 8.138 Thread 0x0000000018e12000 nmethod 5230 0x0000000003521ad0 code [0x0000000003521d00, 0x0000000003522c98]
Event: 8.164 Thread 0x0000000018e12000 5232       3       java.security.CodeSource::getCertificates (98 bytes)
Event: 8.165 Thread 0x0000000018e12000 nmethod 5232 0x0000000003523350 code [0x0000000003523560, 0x0000000003524248]
Event: 8.193 Thread 0x0000000018e12000 5234       3       java.util.concurrent.locks.AbstractQueuedSynchronizer$ConditionObject::awaitNanos (156 bytes)

GC Heap History (10 events):
Event: 3.053 GC heap before
{Heap before GC invocations=8 (full 1):
 PSYoungGen      total 75776K, used 3995K [0x00000000d5580000, 0x00000000de980000, 0x0000000100000000)
  eden space 65024K, 0% used [0x00000000d5580000,0x00000000d5580000,0x00000000d9500000)
  from space 10752K, 37% used [0x00000000d9500000,0x00000000d98e6d88,0x00000000d9f80000)
  to   space 10752K, 0% used [0x00000000ddf00000,0x00000000ddf00000,0x00000000de980000)
 ParOldGen       total 86016K, used 9458K [0x0000000080000000, 0x0000000085400000, 0x00000000d5580000)
  object space 86016K, 10% used [0x0000000080000000,0x000000008093c870,0x0000000085400000)
 Metaspace       used 20684K, capacity 21162K, committed 21296K, reserved 1067008K
  class space    used 2908K, capacity 3087K, committed 3120K, reserved 1048576K
Event: 3.088 GC heap after
Heap after GC invocations=8 (full 1):
 PSYoungGen      total 75776K, used 0K [0x00000000d5580000, 0x00000000de980000, 0x0000000100000000)
  eden space 65024K, 0% used [0x00000000d5580000,0x00000000d5580000,0x00000000d9500000)
  from space 10752K, 0% used [0x00000000d9500000,0x00000000d9500000,0x00000000d9f80000)
  to   space 10752K, 0% used [0x00000000ddf00000,0x00000000ddf00000,0x00000000de980000)
 ParOldGen       total 50176K, used 6835K [0x0000000080000000, 0x0000000083100000, 0x00000000d5580000)
  object space 50176K, 13% used [0x0000000080000000,0x00000000806acce8,0x0000000083100000)
 Metaspace       used 20684K, capacity 21162K, committed 21296K, reserved 1067008K
  class space    used 2908K, capacity 3087K, committed 3120K, reserved 1048576K
}
Event: 3.900 GC heap before
{Heap before GC invocations=9 (full 1):
 PSYoungGen      total 75776K, used 65024K [0x00000000d5580000, 0x00000000de980000, 0x0000000100000000)
  eden space 65024K, 100% used [0x00000000d5580000,0x00000000d9500000,0x00000000d9500000)
  from space 10752K, 0% used [0x00000000d9500000,0x00000000d9500000,0x00000000d9f80000)
  to   space 10752K, 0% used [0x00000000ddf00000,0x00000000ddf00000,0x00000000de980000)
 ParOldGen       total 50176K, used 6835K [0x0000000080000000, 0x0000000083100000, 0x00000000d5580000)
  object space 50176K, 13% used [0x0000000080000000,0x00000000806acce8,0x0000000083100000)
 Metaspace       used 28923K, capacity 29570K, committed 30000K, reserved 1075200K
  class space    used 3871K, capacity 4069K, committed 4144K, reserved 1048576K
Event: 3.910 GC heap after
Heap after GC invocations=9 (full 1):
 PSYoungGen      total 124928K, used 8547K [0x00000000d5580000, 0x00000000de780000, 0x0000000100000000)
  eden space 116224K, 0% used [0x00000000d5580000,0x00000000d5580000,0x00000000dc700000)
  from space 8704K, 98% used [0x00000000ddf00000,0x00000000de758f08,0x00000000de780000)
  to   space 11264K, 0% used [0x00000000dd180000,0x00000000dd180000,0x00000000ddc80000)
 ParOldGen       total 50176K, used 6843K [0x0000000080000000, 0x0000000083100000, 0x00000000d5580000)
  object space 50176K, 13% used [0x0000000080000000,0x00000000806aece8,0x0000000083100000)
 Metaspace       used 28923K, capacity 29570K, committed 30000K, reserved 1075200K
  class space    used 3871K, capacity 4069K, committed 4144K, reserved 1048576K
}
Event: 4.926 GC heap before
{Heap before GC invocations=10 (full 1):
 PSYoungGen      total 124928K, used 123084K [0x00000000d5580000, 0x00000000de780000, 0x0000000100000000)
  eden space 116224K, 98% used [0x00000000d5580000,0x00000000dc55a210,0x00000000dc700000)
  from space 8704K, 98% used [0x00000000ddf00000,0x00000000de758f08,0x00000000de780000)
  to   space 11264K, 0% used [0x00000000dd180000,0x00000000dd180000,0x00000000ddc80000)
 ParOldGen       total 50176K, used 6843K [0x0000000080000000, 0x0000000083100000, 0x00000000d5580000)
  object space 50176K, 13% used [0x0000000080000000,0x00000000806aece8,0x0000000083100000)
 Metaspace       used 34643K, capacity 35388K, committed 35496K, reserved 1079296K
  class space    used 4735K, capacity 4932K, committed 5040K, reserved 1048576K
Event: 4.937 GC heap after
Heap after GC invocations=10 (full 1):
 PSYoungGen      total 138240K, used 11234K [0x00000000d5580000, 0x00000000e1580000, 0x0000000100000000)
  eden space 126976K, 0% used [0x00000000d5580000,0x00000000d5580000,0x00000000dd180000)
  from space 11264K, 99% used [0x00000000dd180000,0x00000000ddc78820,0x00000000ddc80000)
  to   space 13824K, 0% used [0x00000000e0800000,0x00000000e0800000,0x00000000e1580000)
 ParOldGen       total 50176K, used 8675K [0x0000000080000000, 0x0000000083100000, 0x00000000d5580000)
  object space 50176K, 17% used [0x0000000080000000,0x0000000080878d48,0x0000000083100000)
 Metaspace       used 34643K, capacity 35388K, committed 35496K, reserved 1079296K
  class space    used 4735K, capacity 4932K, committed 5040K, reserved 1048576K
}
Event: 4.937 GC heap before
{Heap before GC invocations=11 (full 2):
 PSYoungGen      total 138240K, used 11234K [0x00000000d5580000, 0x00000000e1580000, 0x0000000100000000)
  eden space 126976K, 0% used [0x00000000d5580000,0x00000000d5580000,0x00000000dd180000)
  from space 11264K, 99% used [0x00000000dd180000,0x00000000ddc78820,0x00000000ddc80000)
  to   space 13824K, 0% used [0x00000000e0800000,0x00000000e0800000,0x00000000e1580000)
 ParOldGen       total 50176K, used 8675K [0x0000000080000000, 0x0000000083100000, 0x00000000d5580000)
  object space 50176K, 17% used [0x0000000080000000,0x0000000080878d48,0x0000000083100000)
 Metaspace       used 34643K, capacity 35388K, committed 35496K, reserved 1079296K
  class space    used 4735K, capacity 4932K, committed 5040K, reserved 1048576K
Event: 5.027 GC heap after
Heap after GC invocations=11 (full 2):
 PSYoungGen      total 138240K, used 0K [0x00000000d5580000, 0x00000000e1580000, 0x0000000100000000)
  eden space 126976K, 0% used [0x00000000d5580000,0x00000000d5580000,0x00000000dd180000)
  from space 11264K, 0% used [0x00000000dd180000,0x00000000dd180000,0x00000000ddc80000)
  to   space 13824K, 0% used [0x00000000e0800000,0x00000000e0800000,0x00000000e1580000)
 ParOldGen       total 80896K, used 19128K [0x0000000080000000, 0x0000000084f00000, 0x00000000d5580000)
  object space 80896K, 23% used [0x0000000080000000,0x00000000812ae278,0x0000000084f00000)
 Metaspace       used 34643K, capacity 35388K, committed 35496K, reserved 1079296K
  class space    used 4735K, capacity 4932K, committed 5040K, reserved 1048576K
}
Event: 6.357 GC heap before
{Heap before GC invocations=12 (full 2):
 PSYoungGen      total 138240K, used 126976K [0x00000000d5580000, 0x00000000e1580000, 0x0000000100000000)
  eden space 126976K, 100% used [0x00000000d5580000,0x00000000dd180000,0x00000000dd180000)
  from space 11264K, 0% used [0x00000000dd180000,0x00000000dd180000,0x00000000ddc80000)
  to   space 13824K, 0% used [0x00000000e0800000,0x00000000e0800000,0x00000000e1580000)
 ParOldGen       total 80896K, used 19128K [0x0000000080000000, 0x0000000084f00000, 0x00000000d5580000)
  object space 80896K, 23% used [0x0000000080000000,0x00000000812ae278,0x0000000084f00000)
 Metaspace       used 45101K, capacity 46490K, committed 46760K, reserved 1089536K
  class space    used 6104K, capacity 6450K, committed 6576K, reserved 1048576K
Event: 6.371 GC heap after
Heap after GC invocations=12 (full 2):
 PSYoungGen      total 178176K, used 13795K [0x00000000d5580000, 0x00000000e1600000, 0x0000000100000000)
  eden space 164352K, 0% used [0x00000000d5580000,0x00000000d5580000,0x00000000df600000)
  from space 13824K, 99% used [0x00000000e0800000,0x00000000e1578c28,0x00000000e1580000)
  to   space 16384K, 0% used [0x00000000df600000,0x00000000df600000,0x00000000e0600000)
 ParOldGen       total 80896K, used 21042K [0x0000000080000000, 0x0000000084f00000, 0x00000000d5580000)
  object space 80896K, 26% used [0x0000000080000000,0x000000008148cae0,0x0000000084f00000)
 Metaspace       used 45101K, capacity 46490K, committed 46760K, reserved 1089536K
  class space    used 6104K, capacity 6450K, committed 6576K, reserved 1048576K
}

Deoptimization events (10 events):
Event: 7.840 Thread 0x000000001c609000 Uncommon trap: reason=unstable_if action=reinterpret pc=0x00000000030d12bc method=org.objectweb.asm.Type.getArgumentsAndReturnSizes(Ljava/lang/String;)I @ 109
Event: 7.871 Thread 0x000000001c609000 Uncommon trap: reason=unstable_if action=reinterpret pc=0x0000000002a0a634 method=java.util.TreeMap.put(Ljava/lang/Object;Ljava/lang/Object;)Ljava/lang/Object; @ 163
Event: 7.924 Thread 0x000000001c609000 Uncommon trap: reason=unstable_if action=reinterpret pc=0x00000000031c9014 method=java.util.HashMap.putVal(ILjava/lang/Object;Ljava/lang/Object;ZZ)Ljava/lang/Object; @ 109
Event: 7.924 Thread 0x000000001c609000 Uncommon trap: reason=unstable_if action=reinterpret pc=0x0000000002e328e0 method=java.util.HashMap.putVal(ILjava/lang/Object;Ljava/lang/Object;ZZ)Ljava/lang/Object; @ 109
Event: 7.924 Thread 0x000000001c609000 Uncommon trap: reason=unstable_if action=reinterpret pc=0x00000000027a88f4 method=java.util.HashMap.resize()[Ljava/util/HashMap$Node; @ 206
Event: 7.986 Thread 0x000000001c609000 Uncommon trap: reason=unstable_if action=reinterpret pc=0x0000000002847a74 method=java.lang.String.lastIndexOf([CII[CIII)I @ 118
Event: 8.079 Thread 0x000000001c609000 Uncommon trap: reason=bimorphic action=maybe_recompile pc=0x0000000003283340 method=java.util.regex.Pattern$5.isSatisfiedBy(I)Z @ 16
Event: 8.079 Thread 0x000000001c609000 Uncommon trap: reason=bimorphic action=maybe_recompile pc=0x0000000003283340 method=java.util.regex.Pattern$5.isSatisfiedBy(I)Z @ 16
Event: 8.079 Thread 0x000000001c609000 Uncommon trap: reason=bimorphic action=maybe_recompile pc=0x0000000003283340 method=java.util.regex.Pattern$5.isSatisfiedBy(I)Z @ 16
Event: 8.079 Thread 0x000000001c609000 Uncommon trap: reason=bimorphic action=maybe_recompile pc=0x0000000003283340 method=java.util.regex.Pattern$5.isSatisfiedBy(I)Z @ 16

Classes redefined (0 events):
No events

Internal exceptions (10 events):
Event: 7.685 Thread 0x000000001c609000 Exception <a 'java/lang/ClassNotFoundException': org/gradle/api/internal/DefaultNamedDomainObjectCollection$AbstractDomainObjectCreatingProviderCustomizer> (0x00000000dc977608) thrown at [C:\src\AOSP-openjdk-git\hotspot\src\share\vm\classfile\systemDictio
Event: 7.686 Thread 0x000000001c609000 Exception <a 'java/lang/ClassNotFoundException': org/gradle/api/internal/tasks/DefaultTaskContainer$TaskCreatingProviderCustomizer> (0x00000000dc9a8fc8) thrown at [C:\src\AOSP-openjdk-git\hotspot\src\share\vm\classfile\systemDictionary.cpp, line 210]
Event: 7.686 Thread 0x000000001c609000 Exception <a 'java/lang/ClassNotFoundException': org/gradle/api/internal/tasks/DefaultTaskContainer$TaskCreatingProvider_DecoratedCustomizer> (0x00000000dc9d63e0) thrown at [C:\src\AOSP-openjdk-git\hotspot\src\share\vm\classfile\systemDictionary.cpp, line
Event: 7.715 Thread 0x000000001c609000 Exception <a 'java/lang/ClassNotFoundException': com/google/android/gms/dependencies/DependencyAnalyzerBeanInfo> (0x00000000dcba7c00) thrown at [C:\src\AOSP-openjdk-git\hotspot\src\share\vm\classfile\systemDictionary.cpp, line 210]
Event: 7.715 Thread 0x000000001c609000 Exception <a 'java/lang/ClassNotFoundException': com/google/android/gms/dependencies/DependencyAnalyzerCustomizer> (0x00000000dcbc4eb0) thrown at [C:\src\AOSP-openjdk-git\hotspot\src\share\vm\classfile\systemDictionary.cpp, line 210]
Event: 7.722 Thread 0x000000001c609000 Exception <a 'java/lang/ClassNotFoundException': com/google/android/gms/dependencies/DependencyInspectorBeanInfo> (0x00000000dcc50890) thrown at [C:\src\AOSP-openjdk-git\hotspot\src\share\vm\classfile\systemDictionary.cpp, line 210]
Event: 7.723 Thread 0x000000001c609000 Exception <a 'java/lang/ClassNotFoundException': com/google/android/gms/dependencies/DependencyInspectorCustomizer> (0x00000000dcc6dbd0) thrown at [C:\src\AOSP-openjdk-git\hotspot\src\share\vm\classfile\systemDictionary.cpp, line 210]
Event: 7.786 Thread 0x000000001c609000 Exception <a 'java/lang/NoSuchMethodError': java.lang.Object.lambda$identity$2(Ljava/lang/Object;)Ljava/lang/Object;> (0x00000000dd1df890) thrown at [C:\src\AOSP-openjdk-git\hotspot\src\share\vm\interpreter\linkResolver.cpp, line 620]
Event: 8.118 Thread 0x000000001c609000 Exception <a 'java/lang/ClassNotFoundException': com/sun/org/glassfish/hk2/osgiresourcelocator/ServiceLoader> (0x00000000deedc380) thrown at [C:\src\AOSP-openjdk-git\hotspot\src\share\vm\classfile\systemDictionary.cpp, line 210]
Event: 8.182 Thread 0x000000001c609000 Exception <a 'java/lang/NullPointerException'> (0x00000000df348280) thrown at [C:\src\AOSP-openjdk-git\hotspot\src\share\vm\interpreter\linkResolver.cpp, line 1287]

Events (10 events):
Event: 8.190 loading class com/sun/xml/bind/v2/model/core/BuiltinLeafInfo
Event: 8.190 loading class com/sun/xml/bind/v2/model/core/BuiltinLeafInfo done
Event: 8.191 loading class com/sun/xml/bind/v2/model/impl/BuiltinLeafInfoImpl
Event: 8.191 loading class com/sun/xml/bind/v2/model/impl/BuiltinLeafInfoImpl done
Event: 8.191 loading class com/sun/xml/bind/v2/model/impl/LeafInfoImpl
Event: 8.191 loading class com/sun/xml/bind/v2/model/impl/LeafInfoImpl done
Event: 8.192 loading class com/sun/xml/bind/v2/model/impl/RuntimeBuiltinLeafInfoImpl$StringImplImpl
Event: 8.192 loading class com/sun/xml/bind/v2/model/impl/RuntimeBuiltinLeafInfoImpl$StringImplImpl done
Event: 8.192 loading class com/sun/xml/bind/v2/model/impl/RuntimeBuiltinLeafInfoImpl$StringImpl
Event: 8.192 loading class com/sun/xml/bind/v2/model/impl/RuntimeBuiltinLeafInfoImpl$StringImpl done


Dynamic libraries:
0x00007ff6829f0000 - 0x00007ff682a21000 	C:\Work\Android Studio\jre\bin\java.exe
0x00007ff8d3b70000 - 0x00007ff8d3d66000 	C:\WINDOWS\SYSTEM32\ntdll.dll
0x00007ff8d3610000 - 0x00007ff8d36cd000 	C:\WINDOWS\System32\KERNEL32.DLL
0x00007ff8d13a0000 - 0x00007ff8d1668000 	C:\WINDOWS\System32\KERNELBASE.dll
0x00007ff8d1df0000 - 0x00007ff8d1e9a000 	C:\WINDOWS\System32\ADVAPI32.dll
0x00007ff8d3570000 - 0x00007ff8d360e000 	C:\WINDOWS\System32\msvcrt.dll
0x00007ff8d1bf0000 - 0x00007ff8d1c8b000 	C:\WINDOWS\System32\sechost.dll
0x00007ff8d3190000 - 0x00007ff8d32b4000 	C:\WINDOWS\System32\RPCRT4.dll
0x00007ff8d1f00000 - 0x00007ff8d20a0000 	C:\WINDOWS\System32\USER32.dll
0x00007ff8d1810000 - 0x00007ff8d1832000 	C:\WINDOWS\System32\win32u.dll
0x00007ff8d32c0000 - 0x00007ff8d32ea000 	C:\WINDOWS\System32\GDI32.dll
0x00007ff8d1ad0000 - 0x00007ff8d1bd9000 	C:\WINDOWS\System32\gdi32full.dll
0x00007ff8d1670000 - 0x00007ff8d170d000 	C:\WINDOWS\System32\msvcp_win.dll
0x00007ff8d1710000 - 0x00007ff8d1810000 	C:\WINDOWS\System32\ucrtbase.dll
0x00007ff8bcf80000 - 0x00007ff8bd21b000 	C:\WINDOWS\WinSxS\amd64_microsoft.windows.common-controls_6595b64144ccf1df_6.0.19041.488_none_ca04af081b815d21\COMCTL32.dll
0x00007ff8d3420000 - 0x00007ff8d3450000 	C:\WINDOWS\System32\IMM32.DLL
0x00000000747f0000 - 0x00000000748c2000 	C:\Work\Android Studio\jre\jre\bin\msvcr100.dll
0x0000000075340000 - 0x0000000075b8b000 	C:\Work\Android Studio\jre\jre\bin\server\jvm.dll
0x00007ff8d1be0000 - 0x00007ff8d1be8000 	C:\WINDOWS\System32\PSAPI.DLL
0x00007ff8c9e40000 - 0x00007ff8c9e4a000 	C:\WINDOWS\SYSTEM32\VERSION.dll
0x00007ff8cc1d0000 - 0x00007ff8cc1d9000 	C:\WINDOWS\SYSTEM32\WSOCK32.dll
0x00007ff8bf160000 - 0x00007ff8bf187000 	C:\WINDOWS\SYSTEM32\WINMM.dll
0x00007ff8d33b0000 - 0x00007ff8d341b000 	C:\WINDOWS\System32\WS2_32.dll
0x00007ff8be950000 - 0x00007ff8be95f000 	C:\Work\Android Studio\jre\jre\bin\verify.dll
0x00007ff8be7f0000 - 0x00007ff8be819000 	C:\Work\Android Studio\jre\jre\bin\java.dll
0x00007ff8be6c0000 - 0x00007ff8be6d6000 	C:\Work\Android Studio\jre\jre\bin\zip.dll
0x00007ff8d20a0000 - 0x00007ff8d27e0000 	C:\WINDOWS\System32\SHELL32.dll
0x00007ff8cf410000 - 0x00007ff8cfba4000 	C:\WINDOWS\SYSTEM32\windows.storage.dll
0x00007ff8d2840000 - 0x00007ff8d2b95000 	C:\WINDOWS\System32\combase.dll
0x00007ff8d0d30000 - 0x00007ff8d0d5c000 	C:\WINDOWS\SYSTEM32\Wldp.dll
0x00007ff8d30e0000 - 0x00007ff8d318e000 	C:\WINDOWS\System32\SHCORE.dll
0x00007ff8d27e0000 - 0x00007ff8d2835000 	C:\WINDOWS\System32\shlwapi.dll
0x00007ff8d11f0000 - 0x00007ff8d1216000 	C:\WINDOWS\SYSTEM32\profapi.dll
0x00007ff8be6a0000 - 0x00007ff8be6ba000 	C:\Work\Android Studio\jre\jre\bin\net.dll
0x00007ff8d0ab0000 - 0x00007ff8d0b1a000 	C:\WINDOWS\system32\mswsock.dll
0x00007ff8be680000 - 0x00007ff8be693000 	C:\Work\Android Studio\jre\jre\bin\nio.dll
0x00007ff8aa110000 - 0x00007ff8aa136000 	C:\Users\Zee\.gradle\native\31\windows-amd64\native-platform.dll
0x00007ff8be5a0000 - 0x00007ff8be5ad000 	C:\Work\Android Studio\jre\jre\bin\management.dll
0x00007ff8d0c90000 - 0x00007ff8d0ca8000 	C:\WINDOWS\SYSTEM32\CRYPTSP.dll
0x00007ff8d03d0000 - 0x00007ff8d0404000 	C:\WINDOWS\system32\rsaenh.dll
0x00007ff8d1890000 - 0x00007ff8d18b7000 	C:\WINDOWS\System32\bcrypt.dll
0x00007ff8d11b0000 - 0x00007ff8d11de000 	C:\WINDOWS\SYSTEM32\USERENV.dll
0x00007ff8d12c0000 - 0x00007ff8d133f000 	C:\WINDOWS\System32\bcryptprimitives.dll
0x00007ff8d0c80000 - 0x00007ff8d0c8c000 	C:\WINDOWS\SYSTEM32\CRYPTBASE.dll
0x00007ff8d0750000 - 0x00007ff8d078b000 	C:\WINDOWS\SYSTEM32\IPHLPAPI.DLL
0x00007ff8d36d0000 - 0x00007ff8d36d9000 	C:\WINDOWS\System32\NSI.dll
0x00007ff8c61e0000 - 0x00007ff8c61f7000 	C:\WINDOWS\SYSTEM32\dhcpcsvc6.DLL
0x00007ff8c7850000 - 0x00007ff8c786d000 	C:\WINDOWS\SYSTEM32\dhcpcsvc.DLL
0x00007ff8d0790000 - 0x00007ff8d085b000 	C:\WINDOWS\SYSTEM32\DNSAPI.dll

VM Arguments:
jvm_args: -Xmx2048m -Dfile.encoding=windows-1252 -Duser.country=US -Duser.language=en -Duser.variant 
java_command: org.gradle.launcher.daemon.bootstrap.GradleDaemon 6.1.1
java_class_path (initial): C:\Users\Zee\.gradle\wrapper\dists\gradle-6.1.1-all\cfmwm155h49vnt3hynmlrsdst\gradle-6.1.1\lib\gradle-launcher-6.1.1.jar
Launcher Type: SUN_STANDARD

Environment Variables:
PATH=C:\texlive\2015\bin\win32;C:\texlive\2000\bin\win32;C:\Program Files (x86)\Intel\Intel(R) Management Engine Components\iCLS\;C:\Program Files\Intel\Intel(R) Management Engine Components\iCLS\;C:\Windows\system32;C:\Windows;C:\Windows\System32\Wbem;C:\Windows\System32\WindowsPowerShell\v1.0\;C:\Windows\System32\OpenSSH\;C:\Program Files (x86)\Intel\Intel(R) Management Engine Components\DAL;C:\Program Files\Intel\Intel(R) Management Engine Components\DAL;C:\Program Files (x86)\Intel\Intel(R) Management Engine Components\IPT;C:\Program Files\Intel\Intel(R) Management Engine Components\IPT;C:\Program Files (x86)\NVIDIA Corporation\PhysX\Common;C:\WINDOWS\system32;C:\WINDOWS;C:\WINDOWS\System32\Wbem;C:\WINDOWS\System32\WindowsPowerShell\v1.0\;C:\WINDOWS\System32\OpenSSH\;C:\Program Files\NVIDIA Corporation\NVIDIA NvDLISR;C:\Work\GIT\Git\cmd;C:\Users\Zee\AppData\Local\Microsoft\WindowsApps;C:\Work\Visual Studio\Microsoft VS Code\bin;C:\xampp\php;C:\Work\XAMPP\php;C:\Users\Zee\composer;C:\Users\Zee\AppData\Roaming\Composer\vendor\bin
USERNAME=Zee
OS=Windows_NT
PROCESSOR_IDENTIFIER=Intel64 Family 6 Model 158 Stepping 10, GenuineIntel



---------------  S Y S T E M  ---------------

OS: Windows 10.0 , 64 bit Build 19041 (10.0.19041.546)

CPU:total 12 (initial active 12) (6 cores per cpu, 2 threads per core) family 6 model 158 stepping 10, cmov, cx8, fxsr, mmx, sse, sse2, sse3, ssse3, sse4.1, sse4.2, popcnt, avx, avx2, aes, clmul, erms, 3dnowpref, lzcnt, ht, tsc, tscinvbit, bmi1, bmi2, adx

Memory: 4k page, physical 8225140k(437636k free), swap 33390964k(5144k free)

vm_info: OpenJDK 64-Bit Server VM (25.242-b01) for windows-amd64 JRE (1.8.0_242-release-1644-b01), built by "builder" with MS VC++ 10.0 (VS2010)

time: Mon Oct 19 10:47:38 2020
timezone: SE Asia Standard Time
elapsed time: 8 seconds (0d 0h 0m 8s)

