#
# There is insufficient memory for the Java Runtime Environment to continue.
# Native memory allocation (malloc) failed to allocate 2232976 bytes for Chunk::new
# Possible reasons:
#   The system is out of physical RAM or swap space
#   The process is running with CompressedOops enabled, and the Java Heap may be blocking the growth of the native heap
# Possible solutions:
#   Reduce memory load on the system
#   Increase physical memory or swap space
#   Check if swap backing store is full
#   Decrease Java heap size (-Xmx/-Xms)
#   Decrease number of Java threads
#   Decrease Java thread stack sizes (-Xss)
#   Set larger code cache with -XX:ReservedCodeCacheSize=
#   JVM is running with Unscaled Compressed Oops mode in which the Java heap is
#     placed in the first 4GB address space. The Java Heap base address is the
#     maximum limit for the native heap growth. Please use -XX:HeapBaseMinAddress
#     to set the Java Heap base and to place the Java Heap above 4GB virtual address.
# This output file may be truncated or incomplete.
#
#  Out of Memory Error (allocation.cpp:389), pid=22384, tid=0x00000000000036a0
#
# JRE version: OpenJDK Runtime Environment (8.0_242-b01) (build 1.8.0_242-release-1644-b01)
# Java VM: OpenJDK 64-Bit Server VM (25.242-b01 mixed mode windows-amd64 compressed oops)
# Failed to write core dump. Minidumps are not enabled by default on client versions of Windows
#

---------------  T H R E A D  ---------------

Current thread (0x000000001994e800):  JavaThread "C2 CompilerThread1" daemon [_thread_in_native, id=13984, stack(0x000000001b090000,0x000000001b190000)]

Stack: [0x000000001b090000,0x000000001b190000]
[error occurred during error reporting (printing stack bounds), id 0xc0000005]

Native frames: (J=compiled Java code, j=interpreted, Vv=VM code, C=native code)


Current CompileTask:
C2:   7596 4789       4       com.sun.beans.TypeResolver::resolve (37 bytes)


---------------  P R O C E S S  ---------------

Java Threads: ( => current thread )
  0x000000001d4c8000 JavaThread "Cache worker for Build Output Cleanup Cache (C:\Work\MyFirebaseApps\.gradle\buildOutputCleanup)" [_thread_blocked, id=2352, stack(0x0000000025f30000,0x0000000026030000)]
  0x000000001d4c8800 JavaThread "Build operations Thread 12" [_thread_blocked, id=3160, stack(0x0000000025830000,0x0000000025930000)]
  0x000000001d4c9800 JavaThread "Build operations Thread 11" [_thread_blocked, id=11992, stack(0x0000000025730000,0x0000000025830000)]
  0x000000001d4cb000 JavaThread "Build operations Thread 10" [_thread_blocked, id=20636, stack(0x0000000025530000,0x0000000025630000)]
  0x000000001d4cd000 JavaThread "Build operations Thread 9" [_thread_blocked, id=23300, stack(0x0000000025430000,0x0000000025530000)]
  0x000000001d4c6800 JavaThread "Build operations Thread 8" [_thread_blocked, id=15464, stack(0x0000000025330000,0x0000000025430000)]
  0x000000001d4ca000 JavaThread "Build operations Thread 7" [_thread_blocked, id=23064, stack(0x0000000025230000,0x0000000025330000)]
  0x000000001d4bf000 JavaThread "Build operations Thread 6" [_thread_blocked, id=23908, stack(0x0000000025130000,0x0000000025230000)]
  0x000000001d4c5800 JavaThread "Build operations Thread 5" [_thread_blocked, id=23500, stack(0x0000000025030000,0x0000000025130000)]
  0x000000001d4c5000 JavaThread "Build operations Thread 4" [_thread_blocked, id=21540, stack(0x0000000024b20000,0x0000000024c20000)]
  0x000000001d4c4000 JavaThread "Build operations Thread 3" [_thread_blocked, id=20456, stack(0x0000000024a20000,0x0000000024b20000)]
  0x000000001d4c2800 JavaThread "Build operations Thread 2" [_thread_blocked, id=11696, stack(0x0000000024920000,0x0000000024a20000)]
  0x000000001d4c1000 JavaThread "Build operations" [_thread_blocked, id=23528, stack(0x0000000022f80000,0x0000000023080000)]
  0x000000001d4c3800 JavaThread "Cache worker for execution history cache (C:\Users\Zee\.gradle\caches\6.1.1\executionHistory)" [_thread_blocked, id=22556, stack(0x0000000021a50000,0x0000000021b50000)]
  0x000000001d4bf800 JavaThread "Cache worker for cache directory md-rule (C:\Users\Zee\.gradle\caches\6.1.1\md-rule)" [_thread_blocked, id=23832, stack(0x0000000021950000,0x0000000021a50000)]
  0x000000001d1fb800 JavaThread "Cache worker for cache directory md-supplier (C:\Users\Zee\.gradle\caches\6.1.1\md-supplier)" [_thread_blocked, id=23828, stack(0x0000000021650000,0x0000000021750000)]
  0x000000001d1fa000 JavaThread "Cache worker for file hash cache (C:\Work\MyFirebaseApps\.gradle\6.1.1\fileHashes)" [_thread_blocked, id=21668, stack(0x0000000022e80000,0x0000000022f80000)]
  0x000000001d1fd000 JavaThread "Cache worker for checksums cache (C:\Work\MyFirebaseApps\.gradle\checksums)" [_thread_blocked, id=15684, stack(0x0000000021db0000,0x0000000021eb0000)]
  0x000000001d1fc000 JavaThread "Cache worker for file hash cache (C:\Users\Zee\.gradle\caches\6.1.1\fileHashes)" [_thread_blocked, id=24004, stack(0x000000001f3b0000,0x000000001f4b0000)]
  0x000000001d1fa800 JavaThread "File lock request listener" [_thread_in_native, id=24792, stack(0x000000001f2b0000,0x000000001f3b0000)]
  0x000000001c54a800 JavaThread "Cache worker for journal cache (C:\Users\Zee\.gradle\caches\journal-1)" [_thread_blocked, id=1164, stack(0x000000001f1b0000,0x000000001f2b0000)]
  0x000000001d1da000 JavaThread "Thread-9" [_thread_blocked, id=17392, stack(0x000000001eeb0000,0x000000001efb0000)]
  0x000000001d1d9800 JavaThread "Stdin handler" [_thread_blocked, id=2836, stack(0x000000001edb0000,0x000000001eeb0000)]
  0x000000001d1d4800 JavaThread "Asynchronous log dispatcher for DefaultDaemonConnection: socket connection from /127.0.0.1:49922 to /127.0.0.1:49923" [_thread_blocked, id=9228, stack(0x000000001ecb0000,0x000000001edb0000)]
  0x000000001d223000 JavaThread "Daemon worker" [_thread_in_Java, id=14700, stack(0x000000001ebb0000,0x000000001ecb0000)]
  0x000000001d222800 JavaThread "Cancel handler" [_thread_blocked, id=24996, stack(0x000000001eab0000,0x000000001ebb0000)]
  0x000000001d2b6000 JavaThread "Handler for socket connection from /127.0.0.1:49922 to /127.0.0.1:49923" [_thread_in_native, id=1880, stack(0x000000001e7b0000,0x000000001e8b0000)]
  0x000000001d2aa000 JavaThread "Daemon" [_thread_blocked, id=22888, stack(0x000000001e6b0000,0x000000001e7b0000)]
  0x000000001d224800 JavaThread "Daemon periodic checks" [_thread_blocked, id=22320, stack(0x000000001e5b0000,0x000000001e6b0000)]
  0x000000001d1c1000 JavaThread "Incoming local TCP Connector on port 49922" [_thread_in_native, id=24048, stack(0x000000001e370000,0x000000001e470000)]
  0x000000001d136800 JavaThread "Daemon health stats" [_thread_blocked, id=24860, stack(0x000000001dd30000,0x000000001de30000)]
  0x00000000199d9800 JavaThread "Service Thread" daemon [_thread_blocked, id=8144, stack(0x000000001b390000,0x000000001b490000)]
  0x0000000019955800 JavaThread "C1 CompilerThread3" daemon [_thread_in_native, id=3800, stack(0x000000001b290000,0x000000001b390000)]
  0x0000000019951800 JavaThread "C2 CompilerThread2" daemon [_thread_in_native, id=21584, stack(0x000000001b190000,0x000000001b290000)]
=>0x000000001994e800 JavaThread "C2 CompilerThread1" daemon [_thread_in_native, id=13984, stack(0x000000001b090000,0x000000001b190000)]
  0x0000000019946800 JavaThread "C2 CompilerThread0" daemon [_thread_in_native, id=21964, stack(0x000000001af90000,0x000000001b090000)]
  0x0000000019941800 JavaThread "Attach Listener" daemon [_thread_blocked, id=6900, stack(0x000000001ae90000,0x000000001af90000)]
  0x0000000019940000 JavaThread "Signal Dispatcher" daemon [_thread_blocked, id=15428, stack(0x000000001ad90000,0x000000001ae90000)]
  0x0000000002faa000 JavaThread "Finalizer" daemon [_thread_blocked, id=24924, stack(0x000000001ab90000,0x000000001ac90000)]
  0x000000001824c800 JavaThread "Reference Handler" daemon [_thread_blocked, id=1532, stack(0x000000001aa90000,0x000000001ab90000)]
  0x0000000002ead800 JavaThread "main" [_thread_blocked, id=25368, stack(0x0000000002d80000,0x0000000002e80000)]

Other Threads:
  0x0000000018245800 VMThread [stack: 0x000000001a990000,0x000000001aa90000] [id=24628]
  0x00000000199db800 WatcherThread [stack: 0x000000001b490000,0x000000001b590000] [id=24532]

VM state:not at safepoint (normal execution)

VM Mutex/Monitor currently owned by a thread: None

heap address: 0x0000000080000000, size: 2048 MB, Compressed Oops mode: 32-bit
Narrow klass base: 0x0000000000000000, Narrow klass shift: 3
Compressed class space size: 1073741824 Address: 0x0000000100000000

Heap:
 PSYoungGen      total 178176K, used 166365K [0x00000000d5580000, 0x00000000e1700000, 0x0000000100000000)
  eden space 164352K, 92% used [0x00000000d5580000,0x00000000dea77b88,0x00000000df600000)
  from space 13824K, 99% used [0x00000000e0980000,0x00000000e16ff9a8,0x00000000e1700000)
  to   space 16384K, 0% used [0x00000000df700000,0x00000000df700000,0x00000000e0700000)
 ParOldGen       total 79360K, used 21316K [0x0000000080000000, 0x0000000084d80000, 0x00000000d5580000)
  object space 79360K, 26% used [0x0000000080000000,0x00000000814d1328,0x0000000084d80000)
 Metaspace       used 55316K, capacity 57336K, committed 57512K, reserved 1099776K
  class space    used 7574K, capacity 8025K, committed 8112K, reserved 1048576K

Card table byte_map: [0x0000000012370000,0x0000000012780000] byte_map_base: 0x0000000011f70000

Marking Bits: (ParMarkBitMap*) 0x0000000075b0f030
 Begin Bits: [0x0000000013430000, 0x0000000015430000)
 End Bits:   [0x0000000015430000, 0x0000000017430000)

Polling page: 0x0000000001500000

CodeCache: size=245760Kb used=16763Kb max_used=16763Kb free=228996Kb
 bounds [0x0000000002fb0000, 0x0000000004020000, 0x0000000011fb0000]
 total_blobs=5592 nmethods=4821 adapters=684
 compilation: enabled

Compilation events (10 events):
Event: 7.594 Thread 0x0000000019955800 nmethod 5215 0x0000000004012810 code [0x00000000040129a0, 0x0000000004012dd0]
Event: 7.594 Thread 0x0000000019955800 5216       3       org.gradle.internal.typeconversion.ErrorHandlingNotationParser::<init> (26 bytes)
Event: 7.594 Thread 0x0000000019955800 nmethod 5216 0x0000000004012f90 code [0x00000000040130e0, 0x00000000040132d0]
Event: 7.594 Thread 0x0000000019955800 5217       3       org.gradle.internal.typeconversion.TypeInfo::<init> (28 bytes)
Event: 7.594 Thread 0x0000000019955800 nmethod 5217 0x0000000004013390 code [0x0000000004013500, 0x00000000040136d0]
Event: 7.594 Thread 0x0000000019955800 5214       3       org.gradle.api.internal.DefaultDomainObjectSet_Decorated::getStore (39 bytes)
Event: 7.595 Thread 0x0000000019955800 nmethod 5214 0x0000000004013790 code [0x0000000004013960, 0x00000000040140a8]
Event: 7.595 Thread 0x0000000019955800 5213       3       org.gradle.internal.typeconversion.CharSequenceNotationConverter::<init> (10 bytes)
Event: 7.595 Thread 0x0000000019955800 nmethod 5213 0x0000000004014390 code [0x00000000040144e0, 0x00000000040146b0]
Event: 7.595 Thread 0x0000000019955800 5219       3       org.gradle.api.internal.model.DefaultObjectFactory::directoryProperty (10 bytes)

GC Heap History (10 events):
Event: 2.954 GC heap before
{Heap before GC invocations=8 (full 1):
 PSYoungGen      total 75776K, used 4036K [0x00000000d5580000, 0x00000000de880000, 0x0000000100000000)
  eden space 64512K, 0% used [0x00000000d5580000,0x00000000d5580000,0x00000000d9480000)
  from space 11264K, 35% used [0x00000000d9480000,0x00000000d9871050,0x00000000d9f80000)
  to   space 10752K, 0% used [0x00000000dde00000,0x00000000dde00000,0x00000000de880000)
 ParOldGen       total 86016K, used 9457K [0x0000000080000000, 0x0000000085400000, 0x00000000d5580000)
  object space 86016K, 10% used [0x0000000080000000,0x000000008093c5a8,0x0000000085400000)
 Metaspace       used 20679K, capacity 21166K, committed 21296K, reserved 1067008K
  class space    used 2905K, capacity 3087K, committed 3120K, reserved 1048576K
Event: 2.987 GC heap after
Heap after GC invocations=8 (full 1):
 PSYoungGen      total 75776K, used 0K [0x00000000d5580000, 0x00000000de880000, 0x0000000100000000)
  eden space 64512K, 0% used [0x00000000d5580000,0x00000000d5580000,0x00000000d9480000)
  from space 11264K, 0% used [0x00000000d9480000,0x00000000d9480000,0x00000000d9f80000)
  to   space 10752K, 0% used [0x00000000dde00000,0x00000000dde00000,0x00000000de880000)
 ParOldGen       total 49664K, used 6795K [0x0000000080000000, 0x0000000083080000, 0x00000000d5580000)
  object space 49664K, 13% used [0x0000000080000000,0x00000000806a2f08,0x0000000083080000)
 Metaspace       used 20679K, capacity 21166K, committed 21296K, reserved 1067008K
  class space    used 2905K, capacity 3087K, committed 3120K, reserved 1048576K
}
Event: 3.702 GC heap before
{Heap before GC invocations=9 (full 1):
 PSYoungGen      total 75776K, used 64451K [0x00000000d5580000, 0x00000000de880000, 0x0000000100000000)
  eden space 64512K, 99% used [0x00000000d5580000,0x00000000d9470d80,0x00000000d9480000)
  from space 11264K, 0% used [0x00000000d9480000,0x00000000d9480000,0x00000000d9f80000)
  to   space 10752K, 0% used [0x00000000dde00000,0x00000000dde00000,0x00000000de880000)
 ParOldGen       total 49664K, used 6795K [0x0000000080000000, 0x0000000083080000, 0x00000000d5580000)
  object space 49664K, 13% used [0x0000000080000000,0x00000000806a2f08,0x0000000083080000)
 Metaspace       used 28561K, capacity 29126K, committed 29488K, reserved 1075200K
  class space    used 3848K, capacity 4069K, committed 4144K, reserved 1048576K
Event: 3.710 GC heap after
Heap after GC invocations=9 (full 1):
 PSYoungGen      total 124928K, used 8585K [0x00000000d5580000, 0x00000000de680000, 0x0000000100000000)
  eden space 116224K, 0% used [0x00000000d5580000,0x00000000d5580000,0x00000000dc700000)
  from space 8704K, 98% used [0x00000000dde00000,0x00000000de6624a8,0x00000000de680000)
  to   space 11264K, 0% used [0x00000000dd080000,0x00000000dd080000,0x00000000ddb80000)
 ParOldGen       total 49664K, used 6803K [0x0000000080000000, 0x0000000083080000, 0x00000000d5580000)
  object space 49664K, 13% used [0x0000000080000000,0x00000000806a4f08,0x0000000083080000)
 Metaspace       used 28561K, capacity 29126K, committed 29488K, reserved 1075200K
  class space    used 3848K, capacity 4069K, committed 4144K, reserved 1048576K
}
Event: 4.629 GC heap before
{Heap before GC invocations=10 (full 1):
 PSYoungGen      total 124928K, used 124298K [0x00000000d5580000, 0x00000000de680000, 0x0000000100000000)
  eden space 116224K, 99% used [0x00000000d5580000,0x00000000dc6803e8,0x00000000dc700000)
  from space 8704K, 98% used [0x00000000dde00000,0x00000000de6624a8,0x00000000de680000)
  to   space 11264K, 0% used [0x00000000dd080000,0x00000000dd080000,0x00000000ddb80000)
 ParOldGen       total 49664K, used 6803K [0x0000000080000000, 0x0000000083080000, 0x00000000d5580000)
  object space 49664K, 13% used [0x0000000080000000,0x00000000806a4f08,0x0000000083080000)
 Metaspace       used 34610K, capacity 35386K, committed 35496K, reserved 1079296K
  class space    used 4725K, capacity 4931K, committed 5040K, reserved 1048576K
Event: 4.642 GC heap after
Heap after GC invocations=10 (full 1):
 PSYoungGen      total 137216K, used 11241K [0x00000000d5580000, 0x00000000e1700000, 0x0000000100000000)
  eden space 125952K, 0% used [0x00000000d5580000,0x00000000d5580000,0x00000000dd080000)
  from space 11264K, 99% used [0x00000000dd080000,0x00000000ddb7a7f8,0x00000000ddb80000)
  to   space 13824K, 0% used [0x00000000e0980000,0x00000000e0980000,0x00000000e1700000)
 ParOldGen       total 49664K, used 8808K [0x0000000080000000, 0x0000000083080000, 0x00000000d5580000)
  object space 49664K, 17% used [0x0000000080000000,0x000000008089a208,0x0000000083080000)
 Metaspace       used 34610K, capacity 35386K, committed 35496K, reserved 1079296K
  class space    used 4725K, capacity 4931K, committed 5040K, reserved 1048576K
}
Event: 4.642 GC heap before
{Heap before GC invocations=11 (full 2):
 PSYoungGen      total 137216K, used 11241K [0x00000000d5580000, 0x00000000e1700000, 0x0000000100000000)
  eden space 125952K, 0% used [0x00000000d5580000,0x00000000d5580000,0x00000000dd080000)
  from space 11264K, 99% used [0x00000000dd080000,0x00000000ddb7a7f8,0x00000000ddb80000)
  to   space 13824K, 0% used [0x00000000e0980000,0x00000000e0980000,0x00000000e1700000)
 ParOldGen       total 49664K, used 8808K [0x0000000080000000, 0x0000000083080000, 0x00000000d5580000)
  object space 49664K, 17% used [0x0000000080000000,0x000000008089a208,0x0000000083080000)
 Metaspace       used 34610K, capacity 35386K, committed 35496K, reserved 1079296K
  class space    used 4725K, capacity 4931K, committed 5040K, reserved 1048576K
Event: 4.727 GC heap after
Heap after GC invocations=11 (full 2):
 PSYoungGen      total 137216K, used 0K [0x00000000d5580000, 0x00000000e1700000, 0x0000000100000000)
  eden space 125952K, 0% used [0x00000000d5580000,0x00000000d5580000,0x00000000dd080000)
  from space 11264K, 0% used [0x00000000dd080000,0x00000000dd080000,0x00000000ddb80000)
  to   space 13824K, 0% used [0x00000000e0980000,0x00000000e0980000,0x00000000e1700000)
 ParOldGen       total 79360K, used 19273K [0x0000000080000000, 0x0000000084d80000, 0x00000000d5580000)
  object space 79360K, 24% used [0x0000000080000000,0x00000000812d27f0,0x0000000084d80000)
 Metaspace       used 34610K, capacity 35386K, committed 35496K, reserved 1079296K
  class space    used 4725K, capacity 4931K, committed 5040K, reserved 1048576K
}
Event: 6.038 GC heap before
{Heap before GC invocations=12 (full 2):
 PSYoungGen      total 137216K, used 125952K [0x00000000d5580000, 0x00000000e1700000, 0x0000000100000000)
  eden space 125952K, 100% used [0x00000000d5580000,0x00000000dd080000,0x00000000dd080000)
  from space 11264K, 0% used [0x00000000dd080000,0x00000000dd080000,0x00000000ddb80000)
  to   space 13824K, 0% used [0x00000000e0980000,0x00000000e0980000,0x00000000e1700000)
 ParOldGen       total 79360K, used 19273K [0x0000000080000000, 0x0000000084d80000, 0x00000000d5580000)
  object space 79360K, 24% used [0x0000000080000000,0x00000000812d27f0,0x0000000084d80000)
 Metaspace       used 45190K, capacity 46576K, committed 46632K, reserved 1089536K
  class space    used 6108K, capacity 6443K, committed 6448K, reserved 1048576K
Event: 6.051 GC heap after
Heap after GC invocations=12 (full 2):
 PSYoungGen      total 178176K, used 13822K [0x00000000d5580000, 0x00000000e1700000, 0x0000000100000000)
  eden space 164352K, 0% used [0x00000000d5580000,0x00000000d5580000,0x00000000df600000)
  from space 13824K, 99% used [0x00000000e0980000,0x00000000e16ff9a8,0x00000000e1700000)
  to   space 16384K, 0% used [0x00000000df700000,0x00000000df700000,0x00000000e0700000)
 ParOldGen       total 79360K, used 21316K [0x0000000080000000, 0x0000000084d80000, 0x00000000d5580000)
  object space 79360K, 26% used [0x0000000080000000,0x00000000814d1328,0x0000000084d80000)
 Metaspace       used 45190K, capacity 46576K, committed 46632K, reserved 1089536K
  class space    used 6108K, capacity 6443K, committed 6448K, reserved 1048576K
}

Deoptimization events (10 events):
Event: 7.288 Thread 0x000000001d223000 Uncommon trap: reason=unstable_if action=reinterpret pc=0x00000000039cb578 method=com.esotericsoftware.kryo.io.Input.require(I)I @ 65
Event: 7.351 Thread 0x000000001d223000 Uncommon trap: reason=unstable_if action=reinterpret pc=0x00000000039c4610 method=java.io.WinNTFileSystem.normalize(Ljava/lang/String;)Ljava/lang/String; @ 74
Event: 7.351 Thread 0x000000001d223000 Uncommon trap: reason=unstable_if action=reinterpret pc=0x00000000034f6114 method=java.io.WinNTFileSystem.normalize(Ljava/lang/String;II)Ljava/lang/String; @ 103
Event: 7.376 Thread 0x000000001d223000 Uncommon trap: reason=unstable_if action=reinterpret pc=0x0000000003155ab0 method=org.objectweb.asm.Type.getArgumentsAndReturnSizes(Ljava/lang/String;)I @ 109
Event: 7.376 Thread 0x000000001d223000 Uncommon trap: reason=unstable_if action=reinterpret pc=0x0000000003bea070 method=org.objectweb.asm.Type.getArgumentsAndReturnSizes(Ljava/lang/String;)I @ 109
Event: 7.404 Thread 0x000000001d223000 Uncommon trap: reason=unstable_if action=reinterpret pc=0x0000000003184814 method=java.util.TreeMap.put(Ljava/lang/Object;Ljava/lang/Object;)Ljava/lang/Object; @ 163
Event: 7.459 Thread 0x000000001d223000 Uncommon trap: reason=unstable_if action=reinterpret pc=0x0000000003ced3a8 method=java.util.HashMap.putVal(ILjava/lang/Object;Ljava/lang/Object;ZZ)Ljava/lang/Object; @ 109
Event: 7.459 Thread 0x000000001d223000 Uncommon trap: reason=unstable_if action=reinterpret pc=0x000000000394965c method=java.util.HashMap.putVal(ILjava/lang/Object;Ljava/lang/Object;ZZ)Ljava/lang/Object; @ 109
Event: 7.459 Thread 0x000000001d223000 Uncommon trap: reason=unstable_if action=reinterpret pc=0x00000000032d04b4 method=java.util.HashMap.resize()[Ljava/util/HashMap$Node; @ 206
Event: 7.527 Thread 0x000000001d223000 Uncommon trap: reason=unstable_if action=reinterpret pc=0x000000000335fb34 method=java.lang.String.lastIndexOf([CII[CIII)I @ 118

Classes redefined (0 events):
No events

Internal exceptions (10 events):
Event: 7.217 Thread 0x000000001d223000 Exception <a 'java/lang/ClassNotFoundException': org/gradle/api/internal/provider/AbstractReadOnlyProviderCustomizer> (0x00000000dc8f1fa0) thrown at [C:\src\AOSP-openjdk-git\hotspot\src\share\vm\classfile\systemDictionary.cpp, line 210]
Event: 7.218 Thread 0x000000001d223000 Exception <a 'java/lang/ClassNotFoundException': org/gradle/api/internal/DefaultNamedDomainObjectCollection$AbstractNamedDomainObjectProviderCustomizer> (0x00000000dc920578) thrown at [C:\src\AOSP-openjdk-git\hotspot\src\share\vm\classfile\systemDictionar
Event: 7.219 Thread 0x000000001d223000 Exception <a 'java/lang/ClassNotFoundException': org/gradle/api/internal/DefaultNamedDomainObjectCollection$AbstractDomainObjectCreatingProviderCustomizer> (0x00000000dc958a68) thrown at [C:\src\AOSP-openjdk-git\hotspot\src\share\vm\classfile\systemDictio
Event: 7.219 Thread 0x000000001d223000 Exception <a 'java/lang/ClassNotFoundException': org/gradle/api/internal/tasks/DefaultTaskContainer$TaskCreatingProviderCustomizer> (0x00000000dc98a448) thrown at [C:\src\AOSP-openjdk-git\hotspot\src\share\vm\classfile\systemDictionary.cpp, line 210]
Event: 7.220 Thread 0x000000001d223000 Exception <a 'java/lang/ClassNotFoundException': org/gradle/api/internal/tasks/DefaultTaskContainer$TaskCreatingProvider_DecoratedCustomizer> (0x00000000dc9b7840) thrown at [C:\src\AOSP-openjdk-git\hotspot\src\share\vm\classfile\systemDictionary.cpp, line
Event: 7.251 Thread 0x000000001d223000 Exception <a 'java/lang/ClassNotFoundException': com/google/android/gms/dependencies/DependencyAnalyzerBeanInfo> (0x00000000dcb890f8) thrown at [C:\src\AOSP-openjdk-git\hotspot\src\share\vm\classfile\systemDictionary.cpp, line 210]
Event: 7.251 Thread 0x000000001d223000 Exception <a 'java/lang/ClassNotFoundException': com/google/android/gms/dependencies/DependencyAnalyzerCustomizer> (0x00000000dcba63a8) thrown at [C:\src\AOSP-openjdk-git\hotspot\src\share\vm\classfile\systemDictionary.cpp, line 210]
Event: 7.259 Thread 0x000000001d223000 Exception <a 'java/lang/ClassNotFoundException': com/google/android/gms/dependencies/DependencyInspectorBeanInfo> (0x00000000dcc334d0) thrown at [C:\src\AOSP-openjdk-git\hotspot\src\share\vm\classfile\systemDictionary.cpp, line 210]
Event: 7.259 Thread 0x000000001d223000 Exception <a 'java/lang/ClassNotFoundException': com/google/android/gms/dependencies/DependencyInspectorCustomizer> (0x00000000dcc50810) thrown at [C:\src\AOSP-openjdk-git\hotspot\src\share\vm\classfile\systemDictionary.cpp, line 210]
Event: 7.322 Thread 0x000000001d223000 Exception <a 'java/lang/NoSuchMethodError': java.lang.Object.lambda$identity$2(Ljava/lang/Object;)Ljava/lang/Object;> (0x00000000dd1c24b8) thrown at [C:\src\AOSP-openjdk-git\hotspot\src\share\vm\interpreter\linkResolver.cpp, line 620]

Events (10 events):
Event: 7.582 loading class com/android/build/gradle/internal/packaging/IncrementalPackagerBuilder$ApkFormat$2
Event: 7.582 loading class com/android/build/gradle/internal/packaging/IncrementalPackagerBuilder$ApkFormat$2 done
Event: 7.582 loading class com/android/build/gradle/internal/packaging/IncrementalPackagerBuilder$ApkFormat$3
Event: 7.582 loading class com/android/build/gradle/internal/packaging/IncrementalPackagerBuilder$ApkFormat$3 done
Event: 7.583 loading class com/android/tools/build/apkzlib/zfile/ApkCreator
Event: 7.583 loading class com/android/tools/build/apkzlib/zfile/ApkCreator done
Event: 7.583 loading class com/android/build/gradle/internal/tasks/PerModuleBundleTaskKt
Event: 7.583 loading class com/android/build/gradle/internal/tasks/PerModuleBundleTaskKt done
Event: 7.584 loading class com/android/build/gradle/internal/signing/SigningConfigProvider$Companion
Event: 7.584 loading class com/android/build/gradle/internal/signing/SigningConfigProvider$Companion done


Dynamic libraries:
0x00007ff6829f0000 - 0x00007ff682a21000 	C:\Work\Android Studio\jre\bin\java.exe
0x00007ff8d3b70000 - 0x00007ff8d3d66000 	C:\WINDOWS\SYSTEM32\ntdll.dll
0x00007ff8d3610000 - 0x00007ff8d36cd000 	C:\WINDOWS\System32\KERNEL32.DLL
0x00007ff8d13a0000 - 0x00007ff8d1668000 	C:\WINDOWS\System32\KERNELBASE.dll
0x00007ff8d1df0000 - 0x00007ff8d1e9a000 	C:\WINDOWS\System32\ADVAPI32.dll
0x00007ff8d3570000 - 0x00007ff8d360e000 	C:\WINDOWS\System32\msvcrt.dll
0x00007ff8d1bf0000 - 0x00007ff8d1c8b000 	C:\WINDOWS\System32\sechost.dll
0x00007ff8d3190000 - 0x00007ff8d32b4000 	C:\WINDOWS\System32\RPCRT4.dll
0x00007ff8d1f00000 - 0x00007ff8d20a0000 	C:\WINDOWS\System32\USER32.dll
0x00007ff8d1810000 - 0x00007ff8d1832000 	C:\WINDOWS\System32\win32u.dll
0x00007ff8d32c0000 - 0x00007ff8d32ea000 	C:\WINDOWS\System32\GDI32.dll
0x00007ff8d1ad0000 - 0x00007ff8d1bd9000 	C:\WINDOWS\System32\gdi32full.dll
0x00007ff8d1670000 - 0x00007ff8d170d000 	C:\WINDOWS\System32\msvcp_win.dll
0x00007ff8d1710000 - 0x00007ff8d1810000 	C:\WINDOWS\System32\ucrtbase.dll
0x00007ff8bcf80000 - 0x00007ff8bd21b000 	C:\WINDOWS\WinSxS\amd64_microsoft.windows.common-controls_6595b64144ccf1df_6.0.19041.488_none_ca04af081b815d21\COMCTL32.dll
0x00007ff8d3420000 - 0x00007ff8d3450000 	C:\WINDOWS\System32\IMM32.DLL
0x00000000747f0000 - 0x00000000748c2000 	C:\Work\Android Studio\jre\jre\bin\msvcr100.dll
0x0000000075340000 - 0x0000000075b8b000 	C:\Work\Android Studio\jre\jre\bin\server\jvm.dll
0x00007ff8d1be0000 - 0x00007ff8d1be8000 	C:\WINDOWS\System32\PSAPI.DLL
0x00007ff8c9e40000 - 0x00007ff8c9e4a000 	C:\WINDOWS\SYSTEM32\VERSION.dll
0x00007ff8cc1d0000 - 0x00007ff8cc1d9000 	C:\WINDOWS\SYSTEM32\WSOCK32.dll
0x00007ff8bf160000 - 0x00007ff8bf187000 	C:\WINDOWS\SYSTEM32\WINMM.dll
0x00007ff8d33b0000 - 0x00007ff8d341b000 	C:\WINDOWS\System32\WS2_32.dll
0x00007ff8be950000 - 0x00007ff8be95f000 	C:\Work\Android Studio\jre\jre\bin\verify.dll
0x00007ff8be7f0000 - 0x00007ff8be819000 	C:\Work\Android Studio\jre\jre\bin\java.dll
0x00007ff8be6c0000 - 0x00007ff8be6d6000 	C:\Work\Android Studio\jre\jre\bin\zip.dll
0x00007ff8d20a0000 - 0x00007ff8d27e0000 	C:\WINDOWS\System32\SHELL32.dll
0x00007ff8cf410000 - 0x00007ff8cfba4000 	C:\WINDOWS\SYSTEM32\windows.storage.dll
0x00007ff8d2840000 - 0x00007ff8d2b95000 	C:\WINDOWS\System32\combase.dll
0x00007ff8d0d30000 - 0x00007ff8d0d5c000 	C:\WINDOWS\SYSTEM32\Wldp.dll
0x00007ff8d30e0000 - 0x00007ff8d318e000 	C:\WINDOWS\System32\SHCORE.dll
0x00007ff8d27e0000 - 0x00007ff8d2835000 	C:\WINDOWS\System32\shlwapi.dll
0x00007ff8d11f0000 - 0x00007ff8d1216000 	C:\WINDOWS\SYSTEM32\profapi.dll
0x00007ff8be6a0000 - 0x00007ff8be6ba000 	C:\Work\Android Studio\jre\jre\bin\net.dll
0x00007ff8d0ab0000 - 0x00007ff8d0b1a000 	C:\WINDOWS\system32\mswsock.dll
0x00007ff8be680000 - 0x00007ff8be693000 	C:\Work\Android Studio\jre\jre\bin\nio.dll
0x00007ff8aa110000 - 0x00007ff8aa136000 	C:\Users\Zee\.gradle\native\31\windows-amd64\native-platform.dll
0x00007ff8be5a0000 - 0x00007ff8be5ad000 	C:\Work\Android Studio\jre\jre\bin\management.dll
0x00007ff8d0c90000 - 0x00007ff8d0ca8000 	C:\WINDOWS\SYSTEM32\CRYPTSP.dll
0x00007ff8d03d0000 - 0x00007ff8d0404000 	C:\WINDOWS\system32\rsaenh.dll
0x00007ff8d1890000 - 0x00007ff8d18b7000 	C:\WINDOWS\System32\bcrypt.dll
0x00007ff8d11b0000 - 0x00007ff8d11de000 	C:\WINDOWS\SYSTEM32\USERENV.dll
0x00007ff8d12c0000 - 0x00007ff8d133f000 	C:\WINDOWS\System32\bcryptprimitives.dll
0x00007ff8d0c80000 - 0x00007ff8d0c8c000 	C:\WINDOWS\SYSTEM32\CRYPTBASE.dll
0x00007ff8d0750000 - 0x00007ff8d078b000 	C:\WINDOWS\SYSTEM32\IPHLPAPI.DLL
0x00007ff8d36d0000 - 0x00007ff8d36d9000 	C:\WINDOWS\System32\NSI.dll
0x00007ff8c61e0000 - 0x00007ff8c61f7000 	C:\WINDOWS\SYSTEM32\dhcpcsvc6.DLL
0x00007ff8c7850000 - 0x00007ff8c786d000 	C:\WINDOWS\SYSTEM32\dhcpcsvc.DLL
0x00007ff8d0790000 - 0x00007ff8d085b000 	C:\WINDOWS\SYSTEM32\DNSAPI.dll

VM Arguments:
jvm_args: -Xmx2048m -Dfile.encoding=windows-1252 -Duser.country=US -Duser.language=en -Duser.variant 
java_command: org.gradle.launcher.daemon.bootstrap.GradleDaemon 6.1.1
java_class_path (initial): C:\Users\Zee\.gradle\wrapper\dists\gradle-6.1.1-all\cfmwm155h49vnt3hynmlrsdst\gradle-6.1.1\lib\gradle-launcher-6.1.1.jar
Launcher Type: SUN_STANDARD

Environment Variables:
PATH=C:\texlive\2015\bin\win32;C:\texlive\2000\bin\win32;C:\Program Files (x86)\Intel\Intel(R) Management Engine Components\iCLS\;C:\Program Files\Intel\Intel(R) Management Engine Components\iCLS\;C:\Windows\system32;C:\Windows;C:\Windows\System32\Wbem;C:\Windows\System32\WindowsPowerShell\v1.0\;C:\Windows\System32\OpenSSH\;C:\Program Files (x86)\Intel\Intel(R) Management Engine Components\DAL;C:\Program Files\Intel\Intel(R) Management Engine Components\DAL;C:\Program Files (x86)\Intel\Intel(R) Management Engine Components\IPT;C:\Program Files\Intel\Intel(R) Management Engine Components\IPT;C:\Program Files (x86)\NVIDIA Corporation\PhysX\Common;C:\WINDOWS\system32;C:\WINDOWS;C:\WINDOWS\System32\Wbem;C:\WINDOWS\System32\WindowsPowerShell\v1.0\;C:\WINDOWS\System32\OpenSSH\;C:\Program Files\NVIDIA Corporation\NVIDIA NvDLISR;C:\Work\GIT\Git\cmd;C:\Users\Zee\AppData\Local\Microsoft\WindowsApps;C:\Work\Visual Studio\Microsoft VS Code\bin;C:\xampp\php;C:\Work\XAMPP\php;C:\Users\Zee\composer;C:\Users\Zee\AppData\Roaming\Composer\vendor\bin
USERNAME=Zee
OS=Windows_NT
PROCESSOR_IDENTIFIER=Intel64 Family 6 Model 158 Stepping 10, GenuineIntel



---------------  S Y S T E M  ---------------

OS: Windows 10.0 , 64 bit Build 19041 (10.0.19041.546)

CPU:total 12 (initial active 12) (6 cores per cpu, 2 threads per core) family 6 model 158 stepping 10, cmov, cx8, fxsr, mmx, sse, sse2, sse3, ssse3, sse4.1, sse4.2, popcnt, avx, avx2, aes, clmul, erms, 3dnowpref, lzcnt, ht, tsc, tscinvbit, bmi1, bmi2, adx

Memory: 4k page, physical 8225140k(512036k free), swap 33390964k(5940k free)

vm_info: OpenJDK 64-Bit Server VM (25.242-b01) for windows-amd64 JRE (1.8.0_242-release-1644-b01), built by "builder" with MS VC++ 10.0 (VS2010)

time: Mon Oct 19 10:48:23 2020
timezone: SE Asia Standard Time
elapsed time: 7 seconds (0d 0h 0m 7s)

